#
# A fatal error has been detected by the Java Runtime Environment:
#
#  SIGSEGV (0xb) at pc=0xb4a21e46, pid=21061, tid=3078695792
#
# JRE version: 7.0_02-b13
# Java VM: Java HotSpot(TM) Server VM (22.0-b10 mixed mode linux-x86 )
# Problematic frame:
# J  com.sun.org.apache.xerces.internal.impl.XMLDocumentFragmentScannerImpl$FragmentContentDriver.next()I
#
# Failed to write core dump. Core dumps have been disabled. To enable core dumping, try "ulimit -c unlimited" before starting Java again
#
# If you would like to submit a bug report, please visit:
#   http://bugreport.sun.com/bugreport/crash.jsp
#

---------------  T H R E A D  ---------------

Current thread (0x09acac00):  JavaThread "main" [_thread_in_Java, id=21063, stack(0xb77c2000,0xb7813000)]

siginfo:si_signo=SIGSEGV: si_errno=0, si_code=128 (), si_addr=0x00000000

Registers:
EAX=0x00000001, EBX=0xaacda840, ECX=0x00000001, EDX=0x00000032
ESP=0xb7810a60, EBP=0xaacdb108, ESI=0xb4a21e84, EDI=0x00000000
EIP=0xb4a21e46, EFLAGS=0x00010202, CR2=0x00000010

Top of Stack: (sp=0xb7810a60)
0xb7810a60:   00000000 b7810a80 aacdb108 91aa3bd8
0xb7810a70:   09acac00 aacccc08 aacdb5d8 aacda840
0xb7810a80:   00000000 00000004 91aa3778 aacdb4c0
0xb7810a90:   aacdb108 b4a211ac aacda840 b493b808
0xb7810aa0:   00000000 b7810aa4 00000001 aacda840
0xb7810ab0:   91a9bc98 91b938fc 91a94688 00000000
0xb7810ac0:   b7810ad0 b7810afc b7810afc b47c5af9
0xb7810ad0:   00000001 aacda840 aacda840 b7810adc 

Instructions: (pc=0xb4a21e46)
0xb4a21e26:   8b 6c 24 1c 8b cd 66 66 90 e8 ac d3 dc ff 8b cd
0xb4a21e36:   88 41 70 8b 6c 24 08 8b 5d 0c 0f b6 4b 70 85 c9
0xb4a21e46:   0f 85 24 05 00 00 c7 43 68 16 00 00 00 b8 01 00
0xb4a21e56:   00 00 eb 05 b8 07 00 00 00 83 c4 38 5d 85 05 00 

Register to memory mapping:

EAX=0x00000001 is an unknown value
EBX=0xaacda840 is an oop
com.sun.org.apache.xerces.internal.impl.XMLDocumentScannerImpl 
 - klass: 'com/sun/org/apache/xerces/internal/impl/XMLDocumentScannerImpl'
ECX=0x00000001 is an unknown value
EDX=0x00000032 is an unknown value
ESP=0xb7810a60 is pointing into the stack for thread: 0x09acac00
EBP=0xaacdb108 is an oop
com.sun.org.apache.xerces.internal.impl.XMLDocumentScannerImpl$ContentDriver 
 - klass: 'com/sun/org/apache/xerces/internal/impl/XMLDocumentScannerImpl$ContentDriver'
ESI=0xb4a20408 [CodeBlob (0xb4a20408)]
Framesize: 16
EDI=0x00000000 is an unknown value


Stack: [0xb77c2000,0xb7813000],  sp=0xb7810a60,  free space=314k
Native frames: (J=compiled Java code, j=interpreted, Vv=VM code, C=native code)
J  com.sun.org.apache.xerces.internal.impl.XMLDocumentFragmentScannerImpl$FragmentContentDriver.next()I


---------------  P R O C E S S  ---------------

Java Threads: ( => current thread )
  0x8f11f400 JavaThread "Timer-0" daemon [_thread_blocked, id=21211, stack(0x8f0af000,0x8f100000)]
  0x8f9fd400 JavaThread "16820123@qtp-4216052-1" [_thread_blocked, id=21189, stack(0x8faaf000,0x8fb00000)]
  0x8f9fc800 JavaThread "3351563@qtp-4216052-0" [_thread_blocked, id=21188, stack(0x8fa5e000,0x8faaf000)]
  0x8fef1800 JavaThread "resolver-5" daemon [_thread_blocked, id=21108, stack(0x8fc0d000,0x8fc5e000)]
  0x8feec000 JavaThread "resolver-4" daemon [_thread_blocked, id=21107, stack(0x8fc5e000,0x8fcaf000)]
  0x8fecdc00 JavaThread "resolver-3" daemon [_thread_blocked, id=21106, stack(0x8fcaf000,0x8fd00000)]
  0x8fec7c00 JavaThread "resolver-2" daemon [_thread_blocked, id=21103, stack(0x9010d000,0x9015e000)]
  0x8fec4000 JavaThread "resolver-1" daemon [_thread_blocked, id=21102, stack(0x9015e000,0x901af000)]
  0x8fda5000 JavaThread "process reaper" daemon [_thread_blocked, id=21094, stack(0x9033e000,0x9034d000)]
  0x90080c00 JavaThread "com.google.inject.internal.util.$Finalizer" daemon [_thread_blocked, id=21080, stack(0x901af000,0x90200000)]
  0x9083e000 JavaThread "Service Thread" daemon [_thread_blocked, id=21076, stack(0x9040b000,0x9045c000)]
  0x9083c000 JavaThread "C2 CompilerThread1" daemon [_thread_in_native, id=21075, stack(0x9045c000,0x904dd000)]
  0x9083a000 JavaThread "C2 CompilerThread0" daemon [_thread_in_native, id=21074, stack(0x904dd000,0x9055e000)]
  0x90838400 JavaThread "Signal Dispatcher" daemon [_thread_blocked, id=21073, stack(0x9055e000,0x905af000)]
  0x90800800 JavaThread "Finalizer" daemon [_thread_blocked, id=21072, stack(0x907af000,0x90800000)]
  0x09b74800 JavaThread "Reference Handler" daemon [_thread_blocked, id=21071, stack(0x9093d000,0x9098e000)]
=>0x09acac00 JavaThread "main" [_thread_in_Java, id=21063, stack(0xb77c2000,0xb7813000)]

Other Threads:
  0x09b6f400 VMThread [stack: 0x9098e000,0x90a0f000] [id=21070]
  0x9083fc00 WatcherThread [stack: 0x9038a000,0x9040b000] [id=21077]

VM state:not at safepoint (normal execution)

VM Mutex/Monitor currently owned by a thread: None

Heap
 PSYoungGen      total 136960K, used 72845K [0xa9f00000, 0xb4700000, 0xb4700000)
  eden space 128896K, 56% used [0xa9f00000,0xae623458,0xb1ce0000)
  from space 8064K, 0% used [0xb1ce0000,0xb1ce0000,0xb24c0000)
  to   space 13312K, 0% used [0xb3a00000,0xb3a00000,0xb4700000)
 PSOldGen        total 43136K, used 24447K [0x94f00000, 0x97920000, 0xa9f00000)
  object space 43136K, 56% used [0x94f00000,0x966dfff8,0x97920000)
 PSPermGen       total 38272K, used 20099K [0x90f00000, 0x93460000, 0x94f00000)
  object space 38272K, 52% used [0x90f00000,0x922a0e58,0x93460000)

Code Cache  [0xb47c2000, 0xb4a32000, 0xb77c2000)
 total_blobs=925 nmethods=780 adapters=97 free_code_cache=46805Kb largest_free_block=47797888

Dynamic libraries:
00110000-00134000 r-xp 00000000 08:06 673152     /lib/i386-linux-gnu/libm-2.13.so
00134000-00135000 r--p 00023000 08:06 673152     /lib/i386-linux-gnu/libm-2.13.so
00135000-00136000 rw-p 00024000 08:06 673152     /lib/i386-linux-gnu/libm-2.13.so
00136000-00159000 r-xp 00000000 08:07 572449     /home/vincent/jre1.7.0_02/lib/i386/libjava.so
00159000-0015a000 rw-p 00023000 08:07 572449     /home/vincent/jre1.7.0_02/lib/i386/libjava.so
0015a000-00160000 r-xp 00000000 08:06 673155     /lib/i386-linux-gnu/libnss_compat-2.13.so
00160000-00161000 r--p 00005000 08:06 673155     /lib/i386-linux-gnu/libnss_compat-2.13.so
00161000-00162000 rw-p 00006000 08:06 673155     /lib/i386-linux-gnu/libnss_compat-2.13.so
00162000-0016f000 r-xp 00000000 08:06 586434     /usr/lib/i386-linux-gnu/libXext.so.6.4.0
0016f000-00170000 r--p 0000c000 08:06 586434     /usr/lib/i386-linux-gnu/libXext.so.6.4.0
00170000-00171000 rw-p 0000d000 08:06 586434     /usr/lib/i386-linux-gnu/libXext.so.6.4.0
00171000-00179000 r-xp 00000000 08:06 206257     /usr/lib/i386-linux-gnu/libXrender.so.1.3.0
00179000-0017a000 r--p 00007000 08:06 206257     /usr/lib/i386-linux-gnu/libXrender.so.1.3.0
0017a000-0017b000 rw-p 00008000 08:06 206257     /usr/lib/i386-linux-gnu/libXrender.so.1.3.0
00189000-001a5000 r-xp 00000000 08:06 667835     /lib/i386-linux-gnu/ld-2.13.so
001a5000-001a6000 r--p 0001b000 08:06 667835     /lib/i386-linux-gnu/ld-2.13.so
001a6000-001a7000 rw-p 0001c000 08:06 667835     /lib/i386-linux-gnu/ld-2.13.so
001a7000-00303000 r-xp 00000000 08:06 673147     /lib/i386-linux-gnu/libc-2.13.so
00303000-00305000 r--p 0015c000 08:06 673147     /lib/i386-linux-gnu/libc-2.13.so
00305000-00306000 rw-p 0015e000 08:06 673147     /lib/i386-linux-gnu/libc-2.13.so
00306000-00309000 rw-p 00000000 00:00 0 
00312000-00320000 r-xp 00000000 08:07 572464     /home/vincent/jre1.7.0_02/lib/i386/libnio.so
00320000-00321000 rw-p 0000e000 08:07 572464     /home/vincent/jre1.7.0_02/lib/i386/libnio.so
00321000-003a7000 r-xp 00000000 08:07 572435     /home/vincent/jre1.7.0_02/lib/i386/libawt.so
003a7000-003ae000 rw-p 00086000 08:07 572435     /home/vincent/jre1.7.0_02/lib/i386/libawt.so
003ae000-003d2000 rw-p 00000000 00:00 0 
003d2000-0041b000 r-xp 00000000 08:07 449686     /home/vincent/jre1.7.0_02/lib/i386/xawt/libmawt.so
0041b000-0041d000 rw-p 00048000 08:07 449686     /home/vincent/jre1.7.0_02/lib/i386/xawt/libmawt.so
0041d000-0041e000 rw-p 00000000 00:00 0 
00422000-0042b000 r-xp 00000000 08:06 673160     /lib/i386-linux-gnu/libnss_nis-2.13.so
0042b000-0042c000 r--p 00008000 08:06 673160     /lib/i386-linux-gnu/libnss_nis-2.13.so
0042c000-0042d000 rw-p 00009000 08:06 673160     /lib/i386-linux-gnu/libnss_nis-2.13.so
00447000-0045a000 r-xp 00000000 08:06 673154     /lib/i386-linux-gnu/libnsl-2.13.so
0045a000-0045b000 r--p 00012000 08:06 673154     /lib/i386-linux-gnu/libnsl-2.13.so
0045b000-0045c000 rw-p 00013000 08:06 673154     /lib/i386-linux-gnu/libnsl-2.13.so
0045c000-0045e000 rw-p 00000000 00:00 0 
0050a000-00521000 r-xp 00000000 08:07 572472     /home/vincent/jre1.7.0_02/lib/i386/libzip.so
00521000-00522000 rw-p 00017000 08:07 572472     /home/vincent/jre1.7.0_02/lib/i386/libzip.so
00523000-00525000 r-xp 00000000 08:06 493377     /usr/lib/i386-linux-gnu/libXau.so.6.0.0
00525000-00526000 r--p 00001000 08:06 493377     /usr/lib/i386-linux-gnu/libXau.so.6.0.0
00526000-00527000 rw-p 00002000 08:06 493377     /usr/lib/i386-linux-gnu/libXau.so.6.0.0
0058e000-005a3000 r-xp 00000000 08:06 673165     /lib/i386-linux-gnu/libpthread-2.13.so
005a3000-005a4000 r--p 00015000 08:06 673165     /lib/i386-linux-gnu/libpthread-2.13.so
005a4000-005a5000 rw-p 00016000 08:06 673165     /lib/i386-linux-gnu/libpthread-2.13.so
005a5000-005a7000 rw-p 00000000 00:00 0 
0074c000-0074e000 r-xp 00000000 08:06 673151     /lib/i386-linux-gnu/libdl-2.13.so
0074e000-0074f000 r--p 00001000 08:06 673151     /lib/i386-linux-gnu/libdl-2.13.so
0074f000-00750000 rw-p 00002000 08:06 673151     /lib/i386-linux-gnu/libdl-2.13.so
007af000-007bb000 r-xp 00000000 08:07 572436     /home/vincent/jre1.7.0_02/lib/i386/libverify.so
007bb000-007bc000 rw-p 0000c000 08:07 572436     /home/vincent/jre1.7.0_02/lib/i386/libverify.so
007bd000-007ca000 r-xp 00000000 08:06 474803     /usr/lib/i386-linux-gnu/libXi.so.6.1.0
007ca000-007cb000 r--p 0000c000 08:06 474803     /usr/lib/i386-linux-gnu/libXi.so.6.1.0
007cb000-007cc000 rw-p 0000d000 08:06 474803     /usr/lib/i386-linux-gnu/libXi.so.6.1.0
00849000-0085c000 r-xp 00000000 08:07 400628     /home/vincent/jre1.7.0_02/lib/i386/jli/libjli.so
0085c000-0085d000 rw-p 00012000 08:07 400628     /home/vincent/jre1.7.0_02/lib/i386/jli/libjli.so
008b8000-008cc000 r-xp 00000000 08:07 572460     /home/vincent/jre1.7.0_02/lib/i386/libnet.so
008cc000-008cd000 rw-p 00014000 08:07 572460     /home/vincent/jre1.7.0_02/lib/i386/libnet.so
00979000-00980000 r-xp 00000000 08:06 673167     /lib/i386-linux-gnu/librt-2.13.so
00980000-00981000 r--p 00006000 08:06 673167     /lib/i386-linux-gnu/librt-2.13.so
00981000-00982000 rw-p 00007000 08:06 673167     /lib/i386-linux-gnu/librt-2.13.so
00ab0000-00bc6000 r-xp 00000000 08:06 34173      /usr/lib/i386-linux-gnu/libX11.so.6.3.0
00bc6000-00bc7000 ---p 00116000 08:06 34173      /usr/lib/i386-linux-gnu/libX11.so.6.3.0
00bc7000-00bc8000 r--p 00116000 08:06 34173      /usr/lib/i386-linux-gnu/libX11.so.6.3.0
00bc8000-00bca000 rw-p 00117000 08:06 34173      /usr/lib/i386-linux-gnu/libX11.so.6.3.0
00bca000-00bcb000 rw-p 00000000 00:00 0 
00cd9000-00cdd000 r-xp 00000000 08:06 196829     /usr/lib/libXtst.so.6.1.0
00cdd000-00cde000 r--p 00003000 08:06 196829     /usr/lib/libXtst.so.6.1.0
00cde000-00cdf000 rw-p 00004000 08:06 196829     /usr/lib/libXtst.so.6.1.0
00d5c000-00d60000 r-xp 00000000 08:06 493381     /usr/lib/i386-linux-gnu/libXdmcp.so.6.0.0
00d60000-00d61000 r--p 00003000 08:06 493381     /usr/lib/i386-linux-gnu/libXdmcp.so.6.0.0
00d61000-00d62000 rw-p 00004000 08:06 493381     /usr/lib/i386-linux-gnu/libXdmcp.so.6.0.0
00d6e000-00d78000 r-xp 00000000 08:06 673157     /lib/i386-linux-gnu/libnss_files-2.13.so
00d78000-00d79000 r--p 00009000 08:06 673157     /lib/i386-linux-gnu/libnss_files-2.13.so
00d79000-00d7a000 rw-p 0000a000 08:06 673157     /lib/i386-linux-gnu/libnss_files-2.13.so
00e60000-00e77000 r-xp 00000000 08:06 493390     /usr/lib/i386-linux-gnu/libxcb.so.1.1.0
00e77000-00e78000 r--p 00016000 08:06 493390     /usr/lib/i386-linux-gnu/libxcb.so.1.1.0
00e78000-00e79000 rw-p 00017000 08:06 493390     /usr/lib/i386-linux-gnu/libxcb.so.1.1.0
00f70000-00f71000 r-xp 00000000 00:00 0          [vdso]
00f71000-016df000 r-xp 00000000 08:07 408853     /home/vincent/jre1.7.0_02/lib/i386/server/libjvm.so
016df000-0172e000 rw-p 0076d000 08:07 408853     /home/vincent/jre1.7.0_02/lib/i386/server/libjvm.so
0172e000-01b4d000 rw-p 00000000 00:00 0 
08048000-08049000 r-xp 00000000 08:07 948769     /home/vincent/jre1.7.0_02/bin/java
08049000-0804a000 rw-p 00000000 08:07 948769     /home/vincent/jre1.7.0_02/bin/java
09ac5000-0b69b000 rw-p 00000000 00:00 0          [heap]
8d700000-8d7ec000 rw-p 00000000 00:00 0 
8d7ec000-8d800000 ---p 00000000 00:00 0 
8d800000-8d8fc000 rw-p 00000000 00:00 0 
8d8fc000-8d900000 ---p 00000000 00:00 0 
8d900000-8d92f000 rw-p 00000000 00:00 0 
8d92f000-8da00000 ---p 00000000 00:00 0 
8dc00000-8dce6000 rw-p 00000000 00:00 0 
8dce6000-8dd00000 ---p 00000000 00:00 0 
8dd00000-8ddf9000 rw-p 00000000 00:00 0 
8ddf9000-8de00000 ---p 00000000 00:00 0 
8de00000-8deff000 rw-p 00000000 00:00 0 
8deff000-8df00000 ---p 00000000 00:00 0 
8df00000-8dfe6000 rw-p 00000000 00:00 0 
8dfe6000-8e000000 ---p 00000000 00:00 0 
8e000000-8e0f1000 rw-p 00000000 00:00 0 
8e0f1000-8e100000 ---p 00000000 00:00 0 
8e200000-8e400000 rw-p 00000000 00:00 0 
8e400000-8e4f9000 rw-p 00000000 00:00 0 
8e4f9000-8e500000 ---p 00000000 00:00 0 
8e700000-8e7fc000 rw-p 00000000 00:00 0 
8e7fc000-8e800000 ---p 00000000 00:00 0 
8e800000-8e900000 rw-p 00000000 00:00 0 
8e95e000-8e961000 ---p 00000000 00:00 0 
8e961000-8e9af000 rw-p 00000000 00:00 0 
8e9af000-8e9b2000 ---p 00000000 00:00 0 
8e9b2000-8ea00000 rw-p 00000000 00:00 0 
8ea00000-8eb00000 rw-p 00000000 00:00 0 
8eb00000-8ec00000 rw-p 00000000 00:00 0 
8ec25000-8ec28000 ---p 00000000 00:00 0 
8ec28000-8ec76000 rw-p 00000000 00:00 0 
8ecaf000-8ecb2000 ---p 00000000 00:00 0 
8ecb2000-8ed00000 rw-p 00000000 00:00 0 
8ed00000-8edf2000 rw-p 00000000 00:00 0 
8edf2000-8ee00000 ---p 00000000 00:00 0 
8ee00000-8eefc000 rw-p 00000000 00:00 0 
8eefc000-8ef00000 ---p 00000000 00:00 0 
8ef00000-8f000000 rw-p 00000000 00:00 0 
8f029000-8f02c000 r--s 000f4000 08:07 433931     /home/vincent/jre1.7.0_02/lib/ext/localedata.jar
8f05e000-8f061000 ---p 00000000 00:00 0 
8f061000-8f0af000 rw-p 00000000 00:00 0 
8f0af000-8f0b2000 ---p 00000000 00:00 0 
8f0b2000-8f100000 rw-p 00000000 00:00 0 
8f100000-8f1f9000 rw-p 00000000 00:00 0 
8f1f9000-8f200000 ---p 00000000 00:00 0 
8f200000-8f2fc000 rw-p 00000000 00:00 0 
8f2fc000-8f300000 ---p 00000000 00:00 0 
8f300000-8f3f7000 rw-p 00000000 00:00 0 
8f3f7000-8f400000 ---p 00000000 00:00 0 
8f4b2000-8f4b4000 r--s 00003000 08:07 1058919    /home/vincent/workspace/BoutiqueEnLigne/BoutiqueEnLigne/jsf-webflow-web/target/work/webapp/WEB-INF/lib/jsf-webflow-persistence-0.0.1-SNAPSHOT.jar
8f4b4000-8f4b7000 r--s 00015000 08:07 1058918    /home/vincent/workspace/BoutiqueEnLigne/BoutiqueEnLigne/jsf-webflow-web/target/work/webapp/WEB-INF/lib/commons-pool-1.5.4.jar
8f4b7000-8f4ba000 r--s 0000a000 08:07 1058917    /home/vincent/workspace/BoutiqueEnLigne/BoutiqueEnLigne/jsf-webflow-web/target/work/webapp/WEB-INF/lib/persistence-api-1.0.jar
8f4ba000-8f4cf000 r--s 0016a000 08:07 1058916    /home/vincent/workspace/BoutiqueEnLigne/BoutiqueEnLigne/jsf-webflow-web/target/work/webapp/WEB-INF/lib/richfaces-impl-3.3.3.Final.jar
8f4cf000-8f500000 r--s 002c0000 08:07 1058915    /home/vincent/workspace/BoutiqueEnLigne/BoutiqueEnLigne/jsf-webflow-web/target/work/webapp/WEB-INF/lib/hibernate-core-3.6.0.Final.jar
8f500000-8f5fa000 rw-p 00000000 00:00 0 
8f5fa000-8f600000 ---p 00000000 00:00 0 
8f601000-8f60b000 r--s 00057000 08:07 1058914    /home/vincent/workspace/BoutiqueEnLigne/BoutiqueEnLigne/jsf-webflow-web/target/work/webapp/WEB-INF/lib/spring-web-3.0.5.RELEASE.jar
8f60b000-8f60c000 r--s 00002000 08:07 1058913    /home/vincent/workspace/BoutiqueEnLigne/BoutiqueEnLigne/jsf-webflow-web/target/work/webapp/WEB-INF/lib/slf4j-log4j12-1.5.8.jar
8f60c000-8f624000 r--s 00107000 08:07 1058912    /home/vincent/workspace/BoutiqueEnLigne/BoutiqueEnLigne/jsf-webflow-web/target/work/webapp/WEB-INF/lib/spring-js-2.0.9.RELEASE.jar
8f624000-8f626000 r--s 00001000 08:07 1058911    /home/vincent/workspace/BoutiqueEnLigne/BoutiqueEnLigne/jsf-webflow-web/target/work/webapp/WEB-INF/lib/jsf-webflow-service-0.0.1-SNAPSHOT.jar
8f626000-8f630000 r--s 00121000 08:07 1058910    /home/vincent/workspace/BoutiqueEnLigne/BoutiqueEnLigne/jsf-webflow-web/target/work/webapp/WEB-INF/lib/h2-1.2.140.jar
8f630000-8f632000 r--s 00011000 08:07 1058909    /home/vincent/workspace/BoutiqueEnLigne/BoutiqueEnLigne/jsf-webflow-web/target/work/webapp/WEB-INF/lib/hamcrest-core-1.1.jar
8f632000-8f637000 r--s 00014000 08:07 1058908    /home/vincent/workspace/BoutiqueEnLigne/BoutiqueEnLigne/jsf-webflow-web/target/work/webapp/WEB-INF/lib/hibernate-jpa-2.0-api-1.0.0.Final.jar
8f637000-8f639000 r--s 00004000 08:07 1058907    /home/vincent/workspace/BoutiqueEnLigne/BoutiqueEnLigne/jsf-webflow-web/target/work/webapp/WEB-INF/lib/jstl-1.1.2.jar
8f639000-8f63c000 r--s 00025000 08:07 1058906    /home/vincent/workspace/BoutiqueEnLigne/BoutiqueEnLigne/jsf-webflow-web/target/work/webapp/WEB-INF/lib/commons-dbcp-1.4.jar
8f63c000-8f63d000 r--s 0000a000 08:07 1058905    /home/vincent/workspace/BoutiqueEnLigne/BoutiqueEnLigne/jsf-webflow-web/target/work/webapp/WEB-INF/lib/asm-3.1.jar
8f63d000-8f641000 r--s 00026000 08:07 1058904    /home/vincent/workspace/BoutiqueEnLigne/BoutiqueEnLigne/jsf-webflow-web/target/work/webapp/WEB-INF/lib/spring-expression-3.0.5.RELEASE.jar
8f641000-8f648000 r--s 00043000 08:07 1058903    /home/vincent/workspace/BoutiqueEnLigne/BoutiqueEnLigne/jsf-webflow-web/target/work/webapp/WEB-INF/lib/jsf-facelets-1.1.14.jar
8f648000-8f64e000 r--s 00067000 08:07 1058902    /home/vincent/workspace/BoutiqueEnLigne/BoutiqueEnLigne/jsf-webflow-web/target/work/webapp/WEB-INF/lib/antlr-2.7.6.jar
8f64e000-8f657000 r--s 00092000 08:07 1058901    /home/vincent/workspace/BoutiqueEnLigne/BoutiqueEnLigne/jsf-webflow-web/target/work/webapp/WEB-INF/lib/javassist-3.12.0.GA.jar
8f657000-8f667000 r--s 0007c000 08:07 1058900    /home/vincent/workspace/BoutiqueEnLigne/BoutiqueEnLigne/jsf-webflow-web/target/work/webapp/WEB-INF/lib/joda-time-2.1.jar
8f667000-8f669000 r--s 00005000 08:07 1058899    /home/vincent/workspace/BoutiqueEnLigne/BoutiqueEnLigne/jsf-webflow-web/target/work/webapp/WEB-INF/lib/speed4j-0.9.jar
8f669000-8f6b5000 r--s 003f1000 08:07 1058898    /home/vincent/workspace/BoutiqueEnLigne/BoutiqueEnLigne/jsf-webflow-web/target/work/webapp/WEB-INF/lib/richfaces-ui-3.3.3.Final.jar
8f6b5000-8f6c2000 r--s 00072000 08:07 1058897    /home/vincent/workspace/BoutiqueEnLigne/BoutiqueEnLigne/jsf-webflow-web/target/work/webapp/WEB-INF/lib/spring-webflow-2.0.9.RELEASE.jar
8f6c2000-8f6c9000 r--s 00037000 08:07 1058896    /home/vincent/workspace/BoutiqueEnLigne/BoutiqueEnLigne/jsf-webflow-web/target/work/webapp/WEB-INF/lib/junit-4.10.jar
8f6c9000-8f6ce000 r--s 00048000 08:07 1058895    /home/vincent/workspace/BoutiqueEnLigne/BoutiqueEnLigne/jsf-webflow-web/target/work/webapp/WEB-INF/lib/dom4j-1.6.1.jar
8f6ce000-8f6df000 r--s 000ab000 08:07 1058894    /home/vincent/workspace/BoutiqueEnLigne/BoutiqueEnLigne/jsf-webflow-web/target/work/webapp/WEB-INF/lib/spring-security-core-2.0.5.RELEASE.jar
8f6df000-8f6e0000 r--s 0000c000 08:07 1058893    /home/vincent/workspace/BoutiqueEnLigne/BoutiqueEnLigne/jsf-webflow-web/target/work/webapp/WEB-INF/lib/spring-asm-3.0.5.RELEASE.jar
8f6e0000-8f6e4000 r--s 00020000 08:07 1058892    /home/vincent/workspace/BoutiqueEnLigne/BoutiqueEnLigne/jsf-webflow-web/target/work/webapp/WEB-INF/lib/commons-digester-1.8.1.jar
8f6e4000-8f6e5000 r--s 00002000 08:07 1058891    /home/vincent/workspace/BoutiqueEnLigne/BoutiqueEnLigne/jsf-webflow-web/target/work/webapp/WEB-INF/lib/Database-1.0.jar
8f6e5000-8f6ee000 r--s 0005d000 08:07 1058890    /home/vincent/workspace/BoutiqueEnLigne/BoutiqueEnLigne/jsf-webflow-web/target/work/webapp/WEB-INF/lib/hibernate-entitymanager-3.6.0.Final.jar
8f6ee000-8f6f0000 r--s 0000a000 08:07 1058889    /home/vincent/workspace/BoutiqueEnLigne/BoutiqueEnLigne/jsf-webflow-web/target/work/webapp/WEB-INF/lib/commons-codec-1.3.jar
8f6f0000-8f6f3000 r--s 0001a000 08:07 1058888    /home/vincent/workspace/BoutiqueEnLigne/BoutiqueEnLigne/jsf-webflow-web/target/work/webapp/WEB-INF/lib/spring-support-2.0.8.jar
8f6f3000-8f6f4000 r--s 00003000 08:07 1058887    /home/vincent/workspace/BoutiqueEnLigne/BoutiqueEnLigne/jsf-webflow-web/target/work/webapp/WEB-INF/lib/jta-1.1.jar
8f6f4000-8f6f6000 r--s 0000d000 08:07 1058886    /home/vincent/workspace/BoutiqueEnLigne/BoutiqueEnLigne/jsf-webflow-web/target/work/webapp/WEB-INF/lib/commons-logging-1.1.1.jar
8f6f6000-8f700000 r--s 00055000 08:07 1058885    /home/vincent/workspace/BoutiqueEnLigne/BoutiqueEnLigne/jsf-webflow-web/target/work/webapp/WEB-INF/lib/spring-jdbc-3.0.5.RELEASE.jar
8f700000-8f7ff000 rw-p 00000000 00:00 0 
8f7ff000-8f800000 ---p 00000000 00:00 0 
8f800000-8f808000 r--s 0004a000 08:07 1058884    /home/vincent/workspace/BoutiqueEnLigne/BoutiqueEnLigne/jsf-webflow-web/target/work/webapp/WEB-INF/lib/spring-orm-3.0.5.RELEASE.jar
8f808000-8f80c000 r--s 0001f000 08:07 1058883    /home/vincent/workspace/BoutiqueEnLigne/BoutiqueEnLigne/jsf-webflow-web/target/work/webapp/WEB-INF/lib/spring-faces-2.0.9.RELEASE.jar
8f80c000-8f815000 r--s 000ca000 08:07 1058882    /home/vincent/workspace/BoutiqueEnLigne/BoutiqueEnLigne/jsf-webflow-web/target/work/webapp/WEB-INF/lib/cassandra-thrift-1.0.6.jar
8f815000-8f820000 r--s 000b8000 08:07 1058881    /home/vincent/workspace/BoutiqueEnLigne/BoutiqueEnLigne/jsf-webflow-web/target/work/webapp/WEB-INF/lib/hector-core-1.0-2.jar
8f820000-8f826000 r--s 00021000 08:07 1058880    /home/vincent/workspace/BoutiqueEnLigne/BoutiqueEnLigne/jsf-webflow-web/target/work/webapp/WEB-INF/lib/spring-binding-2.0.9.RELEASE.jar
8f826000-8f82f000 r--s 0005a000 08:07 1058879    /home/vincent/workspace/BoutiqueEnLigne/BoutiqueEnLigne/jsf-webflow-web/target/work/webapp/WEB-INF/lib/spring-webmvc-2.5.6.SEC01.jar
8f82f000-8f832000 r--s 0000f000 08:07 1058878    /home/vincent/workspace/BoutiqueEnLigne/BoutiqueEnLigne/jsf-webflow-web/target/work/webapp/WEB-INF/lib/hibernate-commons-annotations-3.2.0.Final.jar
8f832000-8f837000 r--s 00034000 08:07 1058877    /home/vincent/workspace/BoutiqueEnLigne/BoutiqueEnLigne/jsf-webflow-web/target/work/webapp/WEB-INF/lib/commons-beanutils-1.8.0.jar
8f837000-8f83a000 r--s 00015000 08:07 1058876    /home/vincent/workspace/BoutiqueEnLigne/BoutiqueEnLigne/jsf-webflow-web/target/work/webapp/WEB-INF/lib/spring-context-support-2.5.6.SEC01.jar
8f83a000-8f852000 r--s 00100000 08:07 1058875    /home/vincent/workspace/BoutiqueEnLigne/BoutiqueEnLigne/jsf-webflow-web/target/work/webapp/WEB-INF/lib/guava-r09.jar
8f852000-8f85c000 r--s 000c4000 08:07 654470     /home/vincent/workspace/BoutiqueEnLigne/BoutiqueEnLigne/jsf-webflow-web/target/work/webapp/WEB-INF/lib/jsf-impl-1.2_13.jar
8f85c000-8f869000 r--s 0007f000 08:07 654469     /home/vincent/workspace/BoutiqueEnLigne/BoutiqueEnLigne/jsf-webflow-web/target/work/webapp/WEB-INF/lib/commons-collections-3.2.jar
8f869000-8f86a000 r--s 00004000 08:07 654468     /home/vincent/workspace/BoutiqueEnLigne/BoutiqueEnLigne/jsf-webflow-web/target/work/webapp/WEB-INF/lib/spring-security-taglibs-2.0.5.RELEASE.jar
8f86a000-8f870000 r--s 00025000 08:07 654467     /home/vincent/workspace/BoutiqueEnLigne/BoutiqueEnLigne/jsf-webflow-web/target/work/webapp/WEB-INF/lib/richfaces-api-3.3.3.Final.jar
8f870000-8f872000 r--s 00002000 08:07 654466     /home/vincent/workspace/BoutiqueEnLigne/BoutiqueEnLigne/jsf-webflow-web/target/work/webapp/WEB-INF/lib/uuid-3.2.0.jar
8f872000-8f878000 r--s 00043000 08:07 654465     /home/vincent/workspace/BoutiqueEnLigne/BoutiqueEnLigne/jsf-webflow-web/target/work/webapp/WEB-INF/lib/libthrift-0.6.1.jar
8f878000-8f87f000 r--s 0003e000 08:07 654463     /home/vincent/workspace/BoutiqueEnLigne/BoutiqueEnLigne/jsf-webflow-web/target/work/webapp/WEB-INF/lib/cglib-2.2.jar
8f87f000-8f882000 r--s 0000e000 08:07 654462     /home/vincent/workspace/BoutiqueEnLigne/BoutiqueEnLigne/jsf-webflow-web/target/work/webapp/WEB-INF/lib/spring-security-acl-2.0.5.RELEASE.jar
8f882000-8f889000 r--s 00053000 08:07 654461     /home/vincent/workspace/BoutiqueEnLigne/BoutiqueEnLigne/jsf-webflow-web/target/work/webapp/WEB-INF/lib/log4j-1.2.14.jar
8f889000-8f88f000 r--s 00053000 08:07 654460     /home/vincent/workspace/BoutiqueEnLigne/BoutiqueEnLigne/jsf-webflow-web/target/work/webapp/WEB-INF/lib/jsf-api-1.2_13.jar
8f88f000-8f898000 r--s 00046000 08:07 654459     /home/vincent/workspace/BoutiqueEnLigne/BoutiqueEnLigne/jsf-webflow-web/target/work/webapp/WEB-INF/lib/spring-aop-3.0.5.RELEASE.jar
8f898000-8f89c000 r--s 0003c000 08:07 654458     /home/vincent/workspace/BoutiqueEnLigne/BoutiqueEnLigne/jsf-webflow-web/target/work/webapp/WEB-INF/lib/commons-lang-2.4.jar
8f89c000-8f89e000 r--s 00000000 08:07 654456     /home/vincent/workspace/BoutiqueEnLigne/BoutiqueEnLigne/jsf-webflow-web/target/work/webapp/WEB-INF/lib/aopalliance-1.0.jar
8f89e000-8f8a7000 r--s 00055000 08:07 654455     /home/vincent/workspace/BoutiqueEnLigne/BoutiqueEnLigne/jsf-webflow-web/target/work/webapp/WEB-INF/lib/spring-core-3.0.5.RELEASE.jar
8f8a7000-8f8b9000 r--s 00092000 08:07 654454     /home/vincent/workspace/BoutiqueEnLigne/BoutiqueEnLigne/jsf-webflow-web/target/work/webapp/WEB-INF/lib/spring-context-3.0.5.RELEASE.jar
8f8b9000-8f8c5000 r--s 0007c000 08:07 654453     /home/vincent/workspace/BoutiqueEnLigne/BoutiqueEnLigne/jsf-webflow-web/target/work/webapp/WEB-INF/lib/spring-beans-3.0.5.RELEASE.jar
8f8c5000-8f8c9000 r--s 00028000 08:07 654452     /home/vincent/workspace/BoutiqueEnLigne/BoutiqueEnLigne/jsf-webflow-web/target/work/webapp/WEB-INF/lib/WebService-1.0.jar
8f8c9000-8f8cc000 r--s 0001e000 08:07 654451     /home/vincent/workspace/BoutiqueEnLigne/BoutiqueEnLigne/jsf-webflow-web/target/work/webapp/WEB-INF/lib/jboss-el-2.0.1.GA.jar
8f8cc000-8f8ef000 r--p 00000000 08:06 611154     /usr/share/locale-langpack/fr/LC_MESSAGES/libc.mo
8f8ef000-8f8f1000 r--s 00002000 08:07 24897      /home/vincent/.m2/repository/org/mortbay/jetty/jetty-annotations/6.1.16/jetty-annotations-6.1.16.jar
8f8f1000-8f900000 r--s 000ee000 08:07 188079     /home/vincent/.m2/repository/ant/ant/1.6.5/ant-1.6.5.jar
8f900000-8fa00000 rw-p 00000000 00:00 0 
8fa00000-8fa02000 r--s 00005000 08:07 654464     /home/vincent/workspace/BoutiqueEnLigne/BoutiqueEnLigne/jsf-webflow-web/target/work/webapp/WEB-INF/lib/slf4j-api-1.6.1.jar
8fa02000-8fa09000 r--s 00032000 08:07 654450     /home/vincent/workspace/BoutiqueEnLigne/BoutiqueEnLigne/jsf-webflow-web/target/work/webapp/WEB-INF/lib/spring-tx-3.0.5.RELEASE.jar
8fa09000-8fa0c000 r--s 00018000 08:07 157618     /home/vincent/jre1.7.0_02/lib/jce.jar
8fa0c000-8fa0e000 r--s 00003000 08:07 41173      /home/vincent/.m2/repository/org/mortbay/jetty/start/6.1.16/start-6.1.16.jar
8fa0e000-8fa1f000 r--s 000ea000 08:07 8403       /home/vincent/.m2/repository/org/mortbay/jetty/jsp-2.1-glassfish/9.1.1.B51.25.p1/jsp-2.1-glassfish-9.1.1.B51.25.p1.jar
8fa1f000-8fa22000 r--s 0001e000 08:07 2199369    /home/vincent/.m2/repository/org/mortbay/jetty/jsp-api-2.1-glassfish/9.1.1.B51.25.p1/jsp-api-2.1-glassfish-9.1.1.B51.25.p1.jar
8fa22000-8fa45000 r--s 00344000 08:07 163597     /home/vincent/.m2/repository/org/eclipse/jdt/core/3.1.1/core-3.1.1.jar
8fa45000-8fa47000 r--s 00000000 08:07 2199368    /home/vincent/.m2/repository/org/mortbay/jetty/jsp-2.1-jetty/6.1.16/jsp-2.1-jetty-6.1.16.jar
8fa47000-8fa49000 r--s 00007000 08:07 2215709    /home/vincent/.m2/repository/org/mortbay/jetty/jetty-management/6.1.16/jetty-management-6.1.16.jar
8fa49000-8fa4b000 r--s 0000e000 08:07 2199367    /home/vincent/.m2/repository/javax/activation/activation/1.1/activation-1.1.jar
8fa4b000-8fa51000 r--s 00059000 08:07 2125781    /home/vincent/.m2/repository/javax/mail/mail/1.4/mail-1.4.jar
8fa51000-8fa52000 r--s 00006000 08:07 2215708    /home/vincent/.m2/repository/org/mortbay/jetty/jetty-naming/6.1.16/jetty-naming-6.1.16.jar
8fa52000-8fa54000 r--s 00002000 08:07 163596     /home/vincent/.m2/repository/geronimo-spec/geronimo-spec-jta/1.0.1B-rc4/geronimo-spec-jta-1.0.1B-rc4.jar
8fa54000-8fa56000 r--s 0000e000 08:07 2199366    /home/vincent/.m2/repository/org/mortbay/jetty/jetty-plus/6.1.16/jetty-plus-6.1.16.jar
8fa56000-8fa58000 r--s 00004000 08:07 1144652    /home/vincent/.m2/repository/org/apache/maven/maven-plugin-tools-api/2.0/maven-plugin-tools-api-2.0.jar
8fa58000-8fa5b000 r--s 0001b000 08:07 915739     /home/vincent/.m2/repository/junit/junit/3.8.2/junit-3.8.2.jar
8fa5b000-8fa5e000 r--s 00027000 08:07 662276     /home/vincent/.m2/repository/org/codehaus/plexus/plexus-utils/1.1/plexus-utils-1.1.jar
8fa5e000-8fa61000 ---p 00000000 00:00 0 
8fa61000-8faaf000 rw-p 00000000 00:00 0 
8faaf000-8fab2000 ---p 00000000 00:00 0 
8fab2000-8fb00000 rw-p 00000000 00:00 0 
8fb00000-8fbfe000 rw-p 00000000 00:00 0 
8fbfe000-8fc00000 ---p 00000000 00:00 0 
8fc00000-8fc01000 r--s 00001000 08:07 654457     /home/vincent/workspace/BoutiqueEnLigne/BoutiqueEnLigne/jsf-webflow-web/target/work/webapp/WEB-INF/lib/slf4j-simple-1.6.2.jar
8fc01000-8fc02000 r--s 00002000 08:07 204777     /home/vincent/.m2/repository/org/apache/geronimo/specs/geronimo-annotation_1.0_spec/1.0/geronimo-annotation_1.0_spec-1.0.jar
8fc02000-8fc06000 r--s 00027000 08:07 842205     /home/vincent/.m2/repository/org/mortbay/jetty/jetty-util/6.1.16/jetty-util-6.1.16.jar
8fc06000-8fc0d000 r--s 00079000 08:07 834003     /home/vincent/.m2/repository/org/mortbay/jetty/jetty/6.1.16/jetty-6.1.16.jar
8fc0d000-8fc10000 ---p 00000000 00:00 0 
8fc10000-8fc5e000 rw-p 00000000 00:00 0 
8fc5e000-8fc61000 ---p 00000000 00:00 0 
8fc61000-8fcaf000 rw-p 00000000 00:00 0 
8fcaf000-8fcb2000 ---p 00000000 00:00 0 
8fcb2000-8fd00000 rw-p 00000000 00:00 0 
8fd00000-8fdfb000 rw-p 00000000 00:00 0 
8fdfb000-8fe00000 ---p 00000000 00:00 0 
8fe00000-8fefe000 rw-p 00000000 00:00 0 
8fefe000-8ff00000 ---p 00000000 00:00 0 
8ff00000-8ffff000 rw-p 00000000 00:00 0 
8ffff000-90000000 ---p 00000000 00:00 0 
90000000-900fc000 rw-p 00000000 00:00 0 
900fc000-90100000 ---p 00000000 00:00 0 
90100000-90102000 r--s 0001f000 08:07 2076852    /home/vincent/.m2/repository/org/mortbay/jetty/servlet-api/2.5-20081211/servlet-api-2.5-20081211.jar
90102000-90104000 r--s 0000a000 08:07 2028370    /home/vincent/.m2/repository/org/mortbay/jetty/maven-jetty-plugin/6.1.16/maven-jetty-plugin-6.1.16.jar
90104000-9010d000 r--s 00254000 08:07 157578     /home/vincent/jre1.7.0_02/lib/resources.jar
9010d000-90110000 ---p 00000000 00:00 0 
90110000-9015e000 rw-p 00000000 00:00 0 
9015e000-90161000 ---p 00000000 00:00 0 
90161000-901af000 rw-p 00000000 00:00 0 
901af000-901b2000 ---p 00000000 00:00 0 
901b2000-90200000 rw-p 00000000 00:00 0 
90200000-90300000 rw-p 00000000 00:00 0 
90300000-90302000 r--s 00007000 08:07 498777     /home/vincent/.m2/repository/org/apache/maven/shared/maven-filtering/1.0-beta-2/maven-filtering-1.0-beta-2.jar
90302000-90304000 r--s 00005000 08:07 449722     /home/vincent/.m2/repository/xpp3/xpp3_min/1.1.4c/xpp3_min-1.1.4c.jar
90304000-9030f000 r--s 0005f000 08:07 449721     /home/vincent/.m2/repository/com/thoughtworks/xstream/xstream/1.3.1/xstream-1.3.1.jar
9030f000-90312000 r--s 0000a000 08:07 474218     /home/vincent/.m2/repository/org/codehaus/plexus/plexus-io/1.0.1/plexus-io-1.0.1.jar
90312000-90316000 r--s 00029000 08:07 2076850    /home/vincent/.m2/repository/org/codehaus/plexus/plexus-archiver/1.2/plexus-archiver-1.2.jar
90316000-90317000 r--s 00004000 08:07 81805      /home/vincent/.m2/repository/org/apache/maven/maven-archiver/2.4.1/maven-archiver-2.4.1.jar
90317000-90319000 r--s 00011000 08:07 41164      /home/vincent/.m2/repository/org/apache/maven/plugins/maven-war-plugin/2.1.1/maven-war-plugin-2.1.1.jar
90319000-9031a000 r--s 00002000 08:07 2076844    /home/vincent/.m2/repository/org/apache/maven/reporting/maven-reporting-api/2.0.9/maven-reporting-api-2.0.9.jar
9031a000-9031c000 r--s 00006000 08:07 1831551    /home/vincent/.m2/repository/org/apache/maven/shared/maven-common-artifact-filters/1.3/maven-common-artifact-filters-1.3.jar
9031c000-9031e000 r--s 0000c000 08:07 269809     /home/vincent/.m2/repository/org/apache/maven/surefire/maven-surefire-common/2.7.1/maven-surefire-common-2.7.1.jar
9031e000-90321000 r--s 00019000 08:07 408870     /home/vincent/.m2/repository/org/apache/maven/surefire/surefire-api/2.7.1/surefire-api-2.7.1.jar
90321000-90322000 r--s 00007000 08:07 490627     /home/vincent/.m2/repository/org/apache/maven/surefire/surefire-booter/2.7.1/surefire-booter-2.7.1.jar
90322000-90324000 r--s 00006000 08:07 29         /home/vincent/.m2/repository/org/apache/maven/plugins/maven-surefire-plugin/2.7.1/maven-surefire-plugin-2.7.1.jar
90324000-90326000 r--s 00002000 08:07 1880561    /home/vincent/.m2/repository/org/codehaus/plexus/plexus-compiler-javac/1.8.1/plexus-compiler-javac-1.8.1.jar
90326000-90328000 r--s 00000000 08:07 1864194    /home/vincent/.m2/repository/org/codehaus/plexus/plexus-compiler-manager/1.8.1/plexus-compiler-manager-1.8.1.jar
90328000-90329000 r--s 00004000 08:07 1989184    /home/vincent/.m2/repository/org/codehaus/plexus/plexus-compiler-api/1.8.1/plexus-compiler-api-1.8.1.jar
90329000-9032b000 r--s 00006000 08:07 16761      /home/vincent/.m2/repository/org/apache/maven/plugins/maven-compiler-plugin/2.3.2/maven-compiler-plugin-2.3.2.jar
9032b000-9032d000 r--s 0000d000 08:07 1931094    /home/vincent/.m2/repository/org/codehaus/plexus/plexus-interpolation/1.13/plexus-interpolation-1.13.jar
9032d000-9032e000 r--s 00001000 08:07 1741500    /home/vincent/.m2/repository/org/sonatype/plexus/plexus-build-api/0.0.4/plexus-build-api-0.0.4.jar
9032e000-90330000 r--s 00007000 08:07 2020742    /home/vincent/.m2/repository/org/apache/maven/shared/maven-filtering/1.0-beta-4/maven-filtering-1.0-beta-4.jar
90330000-90334000 r--s 00033000 08:07 876460     /home/vincent/.m2/repository/org/codehaus/plexus/plexus-utils/2.0.5/plexus-utils-2.0.5.jar
90334000-90337000 r--s 0001b000 08:07 1798782    /home/vincent/.m2/repository/junit/junit/3.8.1/junit-3.8.1.jar
90337000-90339000 r--s 00002000 08:07 769113     /home/vincent/.m2/repository/org/codehaus/plexus/plexus-interactivity-api/1.0-alpha-4/plexus-interactivity-api-1.0-alpha-4.jar
90339000-9033b000 r--s 00006000 08:07 915726     /home/vincent/.m2/repository/commons-cli/commons-cli/1.0/commons-cli-1.0.jar
9033b000-9033c000 r--s 00001000 08:07 2020741    /home/vincent/.m2/repository/org/apache/maven/doxia/doxia-sink-api/1.0-alpha-7/doxia-sink-api-1.0-alpha-7.jar
9033c000-9033d000 r--s 00002000 08:07 2020740    /home/vincent/.m2/repository/org/apache/maven/reporting/maven-reporting-api/2.0.6/maven-reporting-api-2.0.6.jar
9033d000-9033e000 r--s 00005000 08:07 220798     /home/vincent/.m2/repository/org/apache/maven/plugins/maven-resources-plugin/2.4.3/maven-resources-plugin-2.4.3.jar
9033e000-90341000 ---p 00000000 00:00 0 
90341000-9034d000 rw-p 00000000 00:00 0 
9034d000-9034e000 r--p 00000000 00:00 0 
9034e000-9035e000 r--s 000bc000 08:07 645988     /home/vincent/eclipse/configuration/org.eclipse.osgi/bundles/780/1/.cp/netty-3.2.4.Final.jar
9035e000-90364000 r--s 0004c000 08:07 645981     /home/vincent/eclipse/configuration/org.eclipse.osgi/bundles/762/1/.cp/async-http-client-1.6.3.jar
90364000-90366000 r--s 00005000 08:07 638236     /home/vincent/eclipse/plugins/org.eclipse.m2e.maven.runtime_1.0.200.20111228-1245/jars/wagon-ahc-1.2.0.jar
90366000-90368000 r--s 0000c000 08:07 638198     /home/vincent/eclipse/plugins/org.eclipse.m2e.maven.runtime_1.0.200.20111228-1245/jars/aether-connector-asynchttpclient-1.11.jar
90368000-9036b000 r--s 0001e000 08:07 638200     /home/vincent/eclipse/plugins/org.eclipse.m2e.maven.runtime_1.0.200.20111228-1245/jars/aether-impl-1.11.jar
9036b000-9036d000 r--s 0000d000 08:07 638238     /home/vincent/eclipse/plugins/org.eclipse.m2e.maven.runtime_1.0.200.20111228-1245/jars/wagon-provider-api-1.0-beta-6.jar
9036d000-90370000 r--s 0001d000 08:07 638202     /home/vincent/eclipse/plugins/org.eclipse.m2e.maven.runtime_1.0.200.20111228-1245/jars/aether-util-1.11.jar
90370000-90372000 r--s 00004000 08:07 638201     /home/vincent/eclipse/plugins/org.eclipse.m2e.maven.runtime_1.0.200.20111228-1245/jars/aether-spi-1.11.jar
90372000-90375000 r--s 00015000 08:07 638197     /home/vincent/eclipse/plugins/org.eclipse.m2e.maven.runtime_1.0.200.20111228-1245/jars/aether-api-1.11.jar
90375000-90377000 r--s 00007000 08:07 638199     /home/vincent/eclipse/plugins/org.eclipse.m2e.maven.runtime_1.0.200.20111228-1245/jars/aether-connector-wagon-1.11.jar
90377000-90382000 r--s 00073000 08:07 638235     /home/vincent/eclipse/plugins/org.eclipse.m2e.maven.runtime_1.0.200.20111228-1245/jars/sisu-guice-2.9.4-no_aop.jar
90382000-90386000 r--s 00036000 08:07 638234     /home/vincent/eclipse/plugins/org.eclipse.m2e.maven.runtime_1.0.200.20111228-1245/jars/plexus-utils-2.0.6.jar
90386000-90387000 r--s 00005000 08:07 638214     /home/vincent/eclipse/plugins/org.eclipse.m2e.maven.runtime_1.0.200.20111228-1245/jars/guice-plexus-scanners-2.0.0.jar
90387000-90389000 r--s 00006000 08:07 638210     /home/vincent/eclipse/plugins/org.eclipse.m2e.maven.runtime_1.0.200.20111228-1245/jars/guice-plexus-binders-2.0.0.jar
90389000-9038a000 r--s 00004000 08:07 638212     /home/vincent/eclipse/plugins/org.eclipse.m2e.maven.runtime_1.0.200.20111228-1245/jars/guice-plexus-locators-2.0.0.jar
9038a000-9038b000 ---p 00000000 00:00 0 
9038b000-9040b000 rw-p 00000000 00:00 0 
9040b000-9040e000 ---p 00000000 00:00 0 
9040e000-9045c000 rw-p 00000000 00:00 0 
9045c000-9045f000 ---p 00000000 00:00 0 
9045f000-904dd000 rw-p 00000000 00:00 0 
904dd000-904e0000 ---p 00000000 00:00 0 
904e0000-9055e000 rw-p 00000000 00:00 0 
9055e000-90561000 ---p 00000000 00:00 0 
90561000-905af000 rw-p 00000000 00:00 0 
905af000-907af000 r--p 00000000 08:06 203739     /usr/lib/locale/locale-archive
907af000-907b2000 ---p 00000000 00:00 0 
907b2000-90800000 rw-p 00000000 00:00 0 
90800000-90900000 rw-p 00000000 00:00 0 
90900000-90902000 r--s 00002000 08:07 638211     /home/vincent/eclipse/plugins/org.eclipse.m2e.maven.runtime_1.0.200.20111228-1245/jars/guice-plexus-converters-2.0.0.jar
90902000-90903000 r--s 00004000 08:07 638213     /home/vincent/eclipse/plugins/org.eclipse.m2e.maven.runtime_1.0.200.20111228-1245/jars/guice-plexus-metadata-2.0.0.jar
90903000-90905000 r--s 00001000 08:07 638205     /home/vincent/eclipse/plugins/org.eclipse.m2e.maven.runtime_1.0.200.20111228-1245/jars/guice-bean-converters-2.0.0.jar
90905000-90907000 r--s 00012000 08:07 638209     /home/vincent/eclipse/plugins/org.eclipse.m2e.maven.runtime_1.0.200.20111228-1245/jars/guice-bean-scanners-2.0.0.jar
90907000-90909000 r--s 00007000 08:07 638204     /home/vincent/eclipse/plugins/org.eclipse.m2e.maven.runtime_1.0.200.20111228-1245/jars/guice-bean-binders-2.0.0.jar
90909000-9090c000 r--s 0000b000 08:07 638207     /home/vincent/eclipse/plugins/org.eclipse.m2e.maven.runtime_1.0.200.20111228-1245/jars/guice-bean-locators-2.0.0.jar
9090c000-9090e000 r--s 00002000 08:07 638206     /home/vincent/eclipse/plugins/org.eclipse.m2e.maven.runtime_1.0.200.20111228-1245/jars/guice-bean-inject-2.0.0.jar
9090e000-90910000 r--s 00009000 08:07 638208     /home/vincent/eclipse/plugins/org.eclipse.m2e.maven.runtime_1.0.200.20111228-1245/jars/guice-bean-reflect-2.0.0.jar
90910000-90911000 r--s 00001000 08:07 638216     /home/vincent/eclipse/plugins/org.eclipse.m2e.maven.runtime_1.0.200.20111228-1245/jars/javax.inject-1.jar
90911000-90913000 r--s 00001000 08:07 638231     /home/vincent/eclipse/plugins/org.eclipse.m2e.maven.runtime_1.0.200.20111228-1245/jars/plexus-component-annotations-1.5.5.jar
90913000-90918000 r--s 0001d000 08:07 638215     /home/vincent/eclipse/plugins/org.eclipse.m2e.maven.runtime_1.0.200.20111228-1245/jars/guice-plexus-shim-2.0.0.jar
90918000-90919000 r--s 00003000 08:07 638237     /home/vincent/eclipse/plugins/org.eclipse.m2e.maven.runtime_1.0.200.20111228-1245/jars/wagon-file-1.0-beta-7.jar
90919000-9091b000 r--s 0000a000 08:07 638203     /home/vincent/eclipse/plugins/org.eclipse.m2e.maven.runtime_1.0.200.20111228-1245/jars/commons-cli-1.2.jar
9091b000-90921000 r--s 00044000 08:07 638219     /home/vincent/eclipse/plugins/org.eclipse.m2e.maven.runtime_1.0.200.20111228-1245/jars/maven-compat-3.0.2.jar
90921000-90923000 r--s 0000f000 08:07 638232     /home/vincent/eclipse/plugins/org.eclipse.m2e.maven.runtime_1.0.200.20111228-1245/jars/plexus-interpolation-1.14.jar
90923000-90925000 r--s 0000d000 08:07 638217     /home/vincent/eclipse/plugins/org.eclipse.m2e.maven.runtime_1.0.200.20111228-1245/jars/maven-aether-provider-3.0.2.jar
90925000-90927000 r--s 0000d000 08:07 638218     /home/vincent/eclipse/plugins/org.eclipse.m2e.maven.runtime_1.0.200.20111228-1245/jars/maven-artifact-3.0.2.jar
90927000-90928000 r--s 00008000 08:07 638225     /home/vincent/eclipse/plugins/org.eclipse.m2e.maven.runtime_1.0.200.20111228-1245/jars/maven-repository-metadata-3.0.2.jar
90928000-9092a000 r--s 0000a000 08:07 638227     /home/vincent/eclipse/plugins/org.eclipse.m2e.maven.runtime_1.0.200.20111228-1245/jars/maven-settings-builder-3.0.2.jar
9092a000-9092c000 r--s 00028000 08:07 638222     /home/vincent/eclipse/plugins/org.eclipse.m2e.maven.runtime_1.0.200.20111228-1245/jars/maven-model-3.0.2.jar
9092c000-90938000 r--s 00081000 08:07 638220     /home/vincent/eclipse/plugins/org.eclipse.m2e.maven.runtime_1.0.200.20111228-1245/jars/maven-core-3.0.2.jar
90938000-9093d000 r--s 00023000 08:07 638223     /home/vincent/eclipse/plugins/org.eclipse.m2e.maven.runtime_1.0.200.20111228-1245/jars/maven-model-builder-3.0.2.jar
9093d000-90940000 ---p 00000000 00:00 0 
90940000-9098e000 rw-p 00000000 00:00 0 
9098e000-9098f000 ---p 00000000 00:00 0 
9098f000-90a5a000 rw-p 00000000 00:00 0 
90a5a000-90c19000 r--s 031d1000 08:07 157571     /home/vincent/jre1.7.0_02/lib/rt.jar
90c19000-90c1a000 ---p 00000000 00:00 0 
90c1a000-90c9a000 rw-p 00000000 00:00 0 
90c9a000-90c9b000 ---p 00000000 00:00 0 
90c9b000-90d2e000 rw-p 00000000 00:00 0 
90d2e000-90d3b000 rw-p 00000000 00:00 0 
90d3b000-90d51000 rw-p 00000000 00:00 0 
90d51000-90de3000 rw-p 00000000 00:00 0 
90de3000-90df6000 rw-p 00000000 00:00 0 
90df6000-90e03000 rw-p 00000000 00:00 0 
90e03000-90e19000 rw-p 00000000 00:00 0 
90e19000-90eab000 rw-p 00000000 00:00 0 
90eab000-90eff000 rw-p 00000000 00:00 0 
90eff000-93460000 rw-p 00000000 00:00 0 
93460000-94f00000 rw-p 00000000 00:00 0 
94f00000-97920000 rw-p 00000000 00:00 0 
97920000-a9f00000 rw-p 00000000 00:00 0 
a9f00000-b4700000 rw-p 00000000 00:00 0 
b4700000-b4702000 r--s 00007000 08:07 638233     /home/vincent/eclipse/plugins/org.eclipse.m2e.maven.runtime_1.0.200.20111228-1245/jars/plexus-sec-dispatcher-1.3.jar
b4702000-b470c000 rw-p 00000000 00:00 0 
b470c000-b47c2000 rw-p 00000000 00:00 0 
b47c2000-b4a32000 rwxp 00000000 00:00 0 
b4a32000-b77c2000 rw-p 00000000 00:00 0 
b77c2000-b77c5000 ---p 00000000 00:00 0 
b77c5000-b7815000 rw-p 00000000 00:00 0 
b7815000-b7816000 r--s 00004000 08:07 638229     /home/vincent/eclipse/plugins/org.eclipse.m2e.maven.runtime_1.0.200.20111228-1245/jars/plexus-cipher-1.4.jar
b7816000-b7818000 r--s 0000c000 08:07 638224     /home/vincent/eclipse/plugins/org.eclipse.m2e.maven.runtime_1.0.200.20111228-1245/jars/maven-plugin-api-3.0.2.jar
b7818000-b7819000 r--s 0000c000 08:07 638226     /home/vincent/eclipse/plugins/org.eclipse.m2e.maven.runtime_1.0.200.20111228-1245/jars/maven-settings-3.0.2.jar
b7819000-b781a000 r--s 0000b000 08:07 638221     /home/vincent/eclipse/plugins/org.eclipse.m2e.maven.runtime_1.0.200.20111228-1245/jars/maven-embedder-3.0.2.jar
b781a000-b781c000 r--s 00009000 08:07 638239     /home/vincent/eclipse/plugins/org.eclipse.m2e.maven.runtime_1.0.200.20111228-1245/local-patches.jar
b781c000-b7820000 r--s 0007b000 08:07 157600     /home/vincent/jre1.7.0_02/lib/jsse.jar
b7820000-b7823000 r--s 0000b000 08:07 638230     /home/vincent/eclipse/plugins/org.eclipse.m2e.maven.runtime_1.0.200.20111228-1245/jars/plexus-classworlds-2.4.jar
b7823000-b7824000 r--p 002a7000 08:06 203739     /usr/lib/locale/locale-archive
b7824000-b782c000 rw-s 00000000 08:06 565453     /tmp/hsperfdata_vincent/21061
b782c000-b782d000 rw-p 00000000 00:00 0 
b782d000-b782e000 r--p 00000000 00:00 0 
b782e000-b7830000 rw-p 00000000 00:00 0 
bfac7000-bfae8000 rw-p 00000000 00:00 0          [stack]

VM Arguments:
jvm_args: -Dmaven.home=EMBEDDED -Dclassworlds.conf=/home/vincent/workspace/.metadata/.plugins/org.eclipse.m2e.core/launches/m2conf8359859420080708078.tmp -Dfile.encoding=UTF-8 
java_command: org.codehaus.plexus.classworlds.launcher.Launcher -B jetty:run-war
Launcher Type: SUN_STANDARD

Environment Variables:
PATH=/usr/local/sbin:/usr/local/bin:/usr/sbin:/usr/bin:/sbin:/bin:/usr/games
USERNAME=vincent
LD_LIBRARY_PATH=/home/vincent/jre1.7.0_02/lib/i386/server:/home/vincent/jre1.7.0_02/lib/i386:/home/vincent/jre1.7.0_02/../lib/i386:/opt/java/32/jre1.6.0_22/lib/i386/client:/opt/java/32/jre1.6.0_22/lib/i386:
SHELL=/bin/zsh
DISPLAY=:0

Signal Handlers:
SIGSEGV: [libjvm.so+0x6e2860], sa_mask[0]=0x7ffbfeff, sa_flags=0x10000004
SIGBUS: [libjvm.so+0x6e2860], sa_mask[0]=0x7ffbfeff, sa_flags=0x10000004
SIGFPE: [libjvm.so+0x5a3810], sa_mask[0]=0x7ffbfeff, sa_flags=0x10000004
SIGPIPE: [libjvm.so+0x5a3810], sa_mask[0]=0x7ffbfeff, sa_flags=0x10000004
SIGXFSZ: [libjvm.so+0x5a3810], sa_mask[0]=0x7ffbfeff, sa_flags=0x10000004
SIGILL: [libjvm.so+0x5a3810], sa_mask[0]=0x7ffbfeff, sa_flags=0x10000004
SIGUSR1: SIG_DFL, sa_mask[0]=0x00000000, sa_flags=0x00000000
SIGUSR2: [libjvm.so+0x5a3110], sa_mask[0]=0x00000004, sa_flags=0x10000004
SIGHUP: [libjvm.so+0x5a56e0], sa_mask[0]=0x7ffbfeff, sa_flags=0x10000004
SIGINT: [libjvm.so+0x5a56e0], sa_mask[0]=0x7ffbfeff, sa_flags=0x10000004
SIGTERM: [libjvm.so+0x5a56e0], sa_mask[0]=0x7ffbfeff, sa_flags=0x10000004
SIGQUIT: [libjvm.so+0x5a56e0], sa_mask[0]=0x7ffbfeff, sa_flags=0x10000004


---------------  S Y S T E M  ---------------

OS:squeeze/sid

uname:Linux 2.6.38-13-generic #56-Ubuntu SMP Tue Feb 14 12:40:40 UTC 2012 i686
libc:glibc 2.13 NPTL 2.13 
rlimit: STACK 8192k, CORE 0k, NPROC infinity, NOFILE 4096, AS infinity
load average:1,13 0,47 0,30

/proc/meminfo:
MemTotal:        2059248 kB
MemFree:          102100 kB
Buffers:           25356 kB
Cached:           566848 kB
SwapCached:          348 kB
Active:          1093284 kB
Inactive:         760576 kB
Active(anon):     808228 kB
Inactive(anon):   463684 kB
Active(file):     285056 kB
Inactive(file):   296892 kB
Unevictable:          16 kB
Mlocked:              16 kB
HighTotal:       1186632 kB
HighFree:           1744 kB
LowTotal:         872616 kB
LowFree:          100356 kB
SwapTotal:       2353904 kB
SwapFree:        2346600 kB
Dirty:             28540 kB
Writeback:             0 kB
AnonPages:       1261272 kB
Mapped:           124144 kB
Shmem:             10324 kB
Slab:              44068 kB
SReclaimable:      31380 kB
SUnreclaim:        12688 kB
KernelStack:        3432 kB
PageTables:        10240 kB
NFS_Unstable:          0 kB
Bounce:                0 kB
WritebackTmp:          0 kB
CommitLimit:     3383528 kB
Committed_AS:    3091580 kB
VmallocTotal:     122880 kB
VmallocUsed:       63400 kB
VmallocChunk:      25596 kB
HardwareCorrupted:     0 kB
HugePages_Total:       0
HugePages_Free:        0
HugePages_Rsvd:        0
HugePages_Surp:        0
Hugepagesize:       4096 kB
DirectMap4k:      155640 kB
DirectMap4M:      753664 kB


CPU:total 2 (2 cores per cpu, 1 threads per core) family 6 model 15 stepping 13, cmov, cx8, fxsr, mmx, sse, sse2, sse3, ssse3

/proc/cpuinfo:
processor	: 0
vendor_id	: GenuineIntel
cpu family	: 6
model		: 15
model name	: Intel(R) Core(TM)2 Duo CPU     T5450  @ 1.66GHz
stepping	: 13
cpu MHz		: 1667.000
cache size	: 2048 KB
physical id	: 0
siblings	: 2
core id		: 0
cpu cores	: 2
apicid		: 0
initial apicid	: 0
fdiv_bug	: no
hlt_bug		: no
f00f_bug	: no
coma_bug	: no
fpu		: yes
fpu_exception	: yes
cpuid level	: 10
wp		: yes
flags		: fpu vme de pse tsc msr pae mce cx8 apic mtrr pge mca cmov pat pse36 clflush dts acpi mmx fxsr sse sse2 ss ht tm pbe nx lm constant_tsc arch_perfmon pebs bts aperfmperf pni dtes64 monitor ds_cpl est tm2 ssse3 cx16 xtpr pdcm lahf_lm dts
bogomips	: 3325.49
clflush size	: 64
cache_alignment	: 64
address sizes	: 36 bits physical, 48 bits virtual
power management:

processor	: 1
vendor_id	: GenuineIntel
cpu family	: 6
model		: 15
model name	: Intel(R) Core(TM)2 Duo CPU     T5450  @ 1.66GHz
stepping	: 13
cpu MHz		: 1667.000
cache size	: 2048 KB
physical id	: 0
siblings	: 2
core id		: 1
cpu cores	: 2
apicid		: 1
initial apicid	: 1
fdiv_bug	: no
hlt_bug		: no
f00f_bug	: no
coma_bug	: no
fpu		: yes
fpu_exception	: yes
cpuid level	: 10
wp		: yes
flags		: fpu vme de pse tsc msr pae mce cx8 apic mtrr pge mca cmov pat pse36 clflush dts acpi mmx fxsr sse sse2 ss ht tm pbe nx lm constant_tsc arch_perfmon pebs bts aperfmperf pni dtes64 monitor ds_cpl est tm2 ssse3 cx16 xtpr pdcm lahf_lm dts
bogomips	: 3325.49
clflush size	: 64
cache_alignment	: 64
address sizes	: 36 bits physical, 48 bits virtual
power management:



Memory: 4k page, physical 2059248k(102100k free), swap 2353904k(2346600k free)

vm_info: Java HotSpot(TM) Server VM (22.0-b10) for linux-x86 JRE (1.7.0_02-b13), built on Nov 17 2011 13:24:17 by "java_re" with gcc 4.3.0 20080428 (Red Hat 4.3.0-8)

time: Sun Mar 11 17:37:49 2012
elapsed time: 24 seconds

