#
# A fatal error has been detected by the Java Runtime Environment:
#
#  SIGBUS (0x7) at pc=0x008e8773, pid=23969, tid=2389158768
#
# JRE version: 7.0_02-b13
# Java VM: Java HotSpot(TM) Server VM (22.0-b10 mixed mode linux-x86 )
# Problematic frame:
# C  [libzip.so+0x4773]  newEntry+0x73
#
# Failed to write core dump. Core dumps have been disabled. To enable core dumping, try "ulimit -c unlimited" before starting Java again
#
# If you would like to submit a bug report, please visit:
#   http://bugreport.sun.com/bugreport/crash.jsp
# The crash happened outside the Java Virtual Machine in native code.
# See problematic frame for where to report the bug.
#

---------------  T H R E A D  ---------------

Current thread (0x8f3bc800):  JavaThread "Timer-1" daemon [_thread_in_native, id=24121, stack(0x8e62a000,0x8e67b000)]

siginfo:si_signo=SIGBUS: si_errno=0, si_code=2 (BUS_ADRERR), si_addr=0x8f45085f

Registers:
EAX=0x8e2f1070, EBX=0x008fb1f0, ECX=0x8f450842, EDX=0x8f450842
ESP=0x8e678f30, EBP=0x8e678fc8, ESI=0x8e2f1070, EDI=0x8f44a000
EIP=0x008e8773, EFLAGS=0x00010286, CR2=0x8f45085f

Top of Stack: (sp=0x8e678f30)
0x8e678f30:   00000034 00000003 8e678f70 b476049a
0x8e678f40:   00000000 b476049a ab3f93b0 957b9cc8
0x8e678f50:   8e678f50 90fb81b5 8e678f78 90ea0fb8
0x8e678f60:   90ea0fb8 8f3bc800 ae48dff0 0131859e
0x8e678f70:   8f3bc920 8e678fdc 8e678fd8 8e2f1070
0x8e678f80:   8f3e3a38 000001fd 8e678fc8 015494a4
0x8e678f90:   8e67906f 00000045 8e2f1070 8f450842
0x8e678fa0:   8f3e3b48 ae490b8c 00000045 011c8d3c 

Instructions: (pc=0x008e8773)
0x008e8753:   00 0f 84 2e 03 00 00 8b 76 04 8b 4a 1c 8b 7a 10
0x008e8763:   29 ce 01 fe 89 75 d4 8b 55 d4 8b 4d d4 8b 75 b4
0x008e8773:   0f b6 52 1d 0f b6 41 1c c1 e2 08 09 c2 89 55 c8
0x008e8783:   0f b6 41 1e 88 45 bc 0f b6 51 1f 8b 45 d4 88 55 

Register to memory mapping:

EAX=0x8e2f1070 is an unknown value
EBX=0x008fb1f0: <offset 0x171f0> in /home/vincent/jre1.7.0_02/lib/i386/libzip.so at 0x008e4000
ECX=0x8f450842 is an unknown value
EDX=0x8f450842 is an unknown value
ESP=0x8e678f30 is pointing into the stack for thread: 0x8f3bc800
EBP=0x8e678fc8 is pointing into the stack for thread: 0x8f3bc800
ESI=0x8e2f1070 is an unknown value
EDI=0x8f44a000 is an unknown value


Stack: [0x8e62a000,0x8e67b000],  sp=0x8e678f30,  free space=315k
Native frames: (J=compiled Java code, j=interpreted, Vv=VM code, C=native code)
C  [libzip.so+0x4773]  newEntry+0x73
C  [libzip.so+0x4f88]  ZIP_GetEntry+0xc8
C  [libzip.so+0x3981]  Java_java_util_zip_ZipFile_getEntry+0xc1
J  java.util.zip.ZipFile.getEntry(J[BZ)J

Java frames: (J=compiled Java code, j=interpreted, Vv=VM code)
J  java.util.zip.ZipFile.getEntry(J[BZ)J
J  java.util.jar.JarFile.getEntry(Ljava/lang/String;)Ljava/util/zip/ZipEntry;
J  sun.misc.URLClassPath$JarLoader.getResource(Ljava/lang/String;Z)Lsun/misc/Resource;
J  sun.misc.URLClassPath.findResource(Ljava/lang/String;Z)Ljava/net/URL;
j  java.net.URLClassLoader$2.run()Ljava/net/URL;+12
j  java.net.URLClassLoader$2.run()Ljava/lang/Object;+1
v  ~StubRoutines::call_stub
j  java.security.AccessController.doPrivileged(Ljava/security/PrivilegedAction;Ljava/security/AccessControlContext;)Ljava/lang/Object;+0
j  java.net.URLClassLoader.findResource(Ljava/lang/String;)Ljava/net/URL;+13
j  org.mortbay.jetty.webapp.WebAppClassLoader.getResource(Ljava/lang/String;)Ljava/net/URL;+46
j  java.net.URLClassLoader.getResourceAsStream(Ljava/lang/String;)Ljava/io/InputStream;+2
j  org.springframework.core.io.ClassPathResource.getInputStream()Ljava/io/InputStream;+30
j  org.springframework.core.type.classreading.SimpleMetadataReader.<init>(Lorg/springframework/core/io/Resource;Ljava/lang/ClassLoader;)V+5
j  org.springframework.core.type.classreading.SimpleMetadataReaderFactory.getMetadataReader(Lorg/springframework/core/io/Resource;)Lorg/springframework/core/type/classreading/MetadataReader;+14
j  org.springframework.core.type.classreading.CachingMetadataReaderFactory.getMetadataReader(Lorg/springframework/core/io/Resource;)Lorg/springframework/core/type/classreading/MetadataReader;+40
j  org.springframework.core.type.classreading.SimpleMetadataReaderFactory.getMetadataReader(Ljava/lang/String;)Lorg/springframework/core/type/classreading/MetadataReader;+36
j  org.springframework.context.annotation.ConfigurationClassBeanDefinitionReader.checkConfigurationClassCandidate(Lorg/springframework/beans/factory/config/BeanDefinition;Lorg/springframework/core/type/classreading/MetadataReaderFactory;)Z+50
j  org.springframework.context.annotation.ConfigurationClassPostProcessor.processConfigBeanDefinitions(Lorg/springframework/beans/factory/support/BeanDefinitionRegistry;)V+47
j  org.springframework.context.annotation.ConfigurationClassPostProcessor.postProcessBeanDefinitionRegistry(Lorg/springframework/beans/factory/support/BeanDefinitionRegistry;)V+41
j  org.springframework.context.support.AbstractApplicationContext.invokeBeanFactoryPostProcessors(Lorg/springframework/beans/factory/config/ConfigurableListableBeanFactory;)V+181
j  org.springframework.context.support.AbstractApplicationContext.refresh()V+28
j  org.springframework.web.context.ContextLoader.createWebApplicationContext(Ljavax/servlet/ServletContext;Lorg/springframework/context/ApplicationContext;)Lorg/springframework/web/context/WebApplicationContext;+245
j  org.springframework.web.context.ContextLoader.initWebApplicationContext(Ljavax/servlet/ServletContext;)Lorg/springframework/web/context/WebApplicationContext;+69
j  org.springframework.web.context.ContextLoaderListener.contextInitialized(Ljavax/servlet/ServletContextEvent;)V+28
j  org.mortbay.jetty.handler.ContextHandler.startContext()V+62
j  org.mortbay.jetty.servlet.Context.startContext()V+1
j  org.mortbay.jetty.webapp.WebAppContext.startContext()V+123
j  org.mortbay.jetty.handler.ContextHandler.doStart()V+140
j  org.mortbay.jetty.webapp.WebAppContext.doStart()V+217
j  org.mortbay.jetty.plugin.Jetty6PluginWebAppContext.doStart()V+6
j  org.mortbay.component.AbstractLifeCycle.start()V+31
j  org.mortbay.jetty.plugin.Jetty6RunWar.restartWebApp(Z)V+117
j  org.mortbay.jetty.plugin.Jetty6RunWar$1.filesChanged(Ljava/util/List;)V+25
j  org.mortbay.util.Scanner.reportBulkChanges(Ljava/util/List;)V+38
j  org.mortbay.util.Scanner.reportDifferences(Ljava/util/Map;Ljava/util/Map;)V+345
j  org.mortbay.util.Scanner.scan()V+13
j  org.mortbay.util.Scanner$1.run()V+4
j  java.util.TimerThread.mainLoop()V+221
j  java.util.TimerThread.run()V+1
v  ~StubRoutines::call_stub

---------------  P R O C E S S  ---------------

Java Threads: ( => current thread )
  0x8bcffc00 JavaThread "Timer-5" daemon [_thread_blocked, id=27262, stack(0x8eaaf000,0x8eb00000)]
  0x8ec09800 JavaThread "Thread-24" daemon [_thread_blocked, id=24176, stack(0x8ee01000,0x8ee52000)]
=>0x8f3bc800 JavaThread "Timer-1" daemon [_thread_in_native, id=24121, stack(0x8e62a000,0x8e67b000)]
  0x8f39b000 JavaThread "11965512@qtp-11517752-1" [_thread_blocked, id=24075, stack(0x8f70d000,0x8f75e000)]
  0x8f39f000 JavaThread "16300368@qtp-11517752-0 - Acceptor0 SelectChannelConnector@0.0.0.0:8080" [_thread_in_native, id=24074, stack(0x8f75e000,0x8f7af000)]
  0x8fb8dc00 JavaThread "resolver-5" daemon [_thread_blocked, id=24007, stack(0x8f7af000,0x8f800000)]
  0x8fb88c00 JavaThread "resolver-4" daemon [_thread_blocked, id=24006, stack(0x8f90d000,0x8f95e000)]
  0x8fb88000 JavaThread "resolver-3" daemon [_thread_blocked, id=24005, stack(0x8f95e000,0x8f9af000)]
  0x8fb63000 JavaThread "resolver-2" daemon [_thread_blocked, id=24004, stack(0x8f9af000,0x8fa00000)]
  0x8fb61000 JavaThread "resolver-1" daemon [_thread_blocked, id=24003, stack(0x8ff1a000,0x8ff6b000)]
  0x90170400 JavaThread "com.google.inject.internal.util.$Finalizer" daemon [_thread_blocked, id=23987, stack(0x8ff9f000,0x8fff0000)]
  0x90adf400 JavaThread "Service Thread" daemon [_thread_blocked, id=23983, stack(0x903cb000,0x9041c000)]
  0x90add800 JavaThread "C2 CompilerThread1" daemon [_thread_blocked, id=23982, stack(0x9041c000,0x9049d000)]
  0x90adb400 JavaThread "C2 CompilerThread0" daemon [_thread_blocked, id=23981, stack(0x9049d000,0x9051e000)]
  0x90ad9c00 JavaThread "Signal Dispatcher" daemon [_thread_blocked, id=23980, stack(0x9051e000,0x9056f000)]
  0x90aa2000 JavaThread "Finalizer" daemon [_thread_blocked, id=23979, stack(0x90b0d000,0x90b5e000)]
  0x90aa0400 JavaThread "Reference Handler" daemon [_thread_blocked, id=23978, stack(0x9076f000,0x907c0000)]
  0x08223c00 JavaThread "main" [_thread_blocked, id=23974, stack(0xb7765000,0xb77b6000)]

Other Threads:
  0x90a9ac00 VMThread [stack: 0x907c0000,0x90841000] [id=23977]
  0x90ae1400 WatcherThread [stack: 0x9034a000,0x903cb000] [id=23984]

VM state:not at safepoint (normal execution)

VM Mutex/Monitor currently owned by a thread: None

Heap
 PSYoungGen      total 152192K, used 85370K [0xa9e90000, 0xb4690000, 0xb4690000)
  eden space 132352K, 55% used [0xa9e90000,0xae6a9ca8,0xb1fd0000)
  from space 19840K, 58% used [0xb1fd0000,0xb2b14e80,0xb3330000)
  to   space 19776K, 0% used [0xb3340000,0xb3340000,0xb4690000)
 PSOldGen        total 44416K, used 35603K [0x94e90000, 0x979f0000, 0xa9e90000)
  object space 44416K, 80% used [0x94e90000,0x97154d00,0x979f0000)
 PSPermGen       total 47744K, used 47644K [0x90e90000, 0x93d30000, 0x94e90000)
  object space 47744K, 99% used [0x90e90000,0x93d17108,0x93d30000)

Code Cache  [0xb475d000, 0xb4bd5000, 0xb775d000)
 total_blobs=1339 nmethods=1184 adapters=107 free_code_cache=44722Kb largest_free_block=45665856

Dynamic libraries:
00110000-0026c000 r-xp 00000000 08:06 673147     /lib/i386-linux-gnu/libc-2.13.so
0026c000-0026e000 r--p 0015c000 08:06 673147     /lib/i386-linux-gnu/libc-2.13.so
0026e000-0026f000 rw-p 0015e000 08:06 673147     /lib/i386-linux-gnu/libc-2.13.so
0026f000-00272000 rw-p 00000000 00:00 0 
00272000-00296000 r-xp 00000000 08:06 673152     /lib/i386-linux-gnu/libm-2.13.so
00296000-00297000 r--p 00023000 08:06 673152     /lib/i386-linux-gnu/libm-2.13.so
00297000-00298000 rw-p 00024000 08:06 673152     /lib/i386-linux-gnu/libm-2.13.so
00298000-002a4000 r-xp 00000000 08:07 572436     /home/vincent/jre1.7.0_02/lib/i386/libverify.so
002a4000-002a5000 rw-p 0000c000 08:07 572436     /home/vincent/jre1.7.0_02/lib/i386/libverify.so
002a5000-002c8000 r-xp 00000000 08:07 572449     /home/vincent/jre1.7.0_02/lib/i386/libjava.so
002c8000-002c9000 rw-p 00023000 08:07 572449     /home/vincent/jre1.7.0_02/lib/i386/libjava.so
002c9000-002d1000 r-xp 00000000 08:06 206257     /usr/lib/i386-linux-gnu/libXrender.so.1.3.0
002d1000-002d2000 r--p 00007000 08:06 206257     /usr/lib/i386-linux-gnu/libXrender.so.1.3.0
002d2000-002d3000 rw-p 00008000 08:06 206257     /usr/lib/i386-linux-gnu/libXrender.so.1.3.0
002d3000-002d5000 r-xp 00000000 08:06 493377     /usr/lib/i386-linux-gnu/libXau.so.6.0.0
002d5000-002d6000 r--p 00001000 08:06 493377     /usr/lib/i386-linux-gnu/libXau.so.6.0.0
002d6000-002d7000 rw-p 00002000 08:06 493377     /usr/lib/i386-linux-gnu/libXau.so.6.0.0
002d7000-002de000 r-xp 00000000 08:06 673167     /lib/i386-linux-gnu/librt-2.13.so
002de000-002df000 r--p 00006000 08:06 673167     /lib/i386-linux-gnu/librt-2.13.so
002df000-002e0000 rw-p 00007000 08:06 673167     /lib/i386-linux-gnu/librt-2.13.so
002e0000-002f4000 r-xp 00000000 08:07 572460     /home/vincent/jre1.7.0_02/lib/i386/libnet.so
002f4000-002f5000 rw-p 00014000 08:07 572460     /home/vincent/jre1.7.0_02/lib/i386/libnet.so
002f5000-0037b000 r-xp 00000000 08:07 572435     /home/vincent/jre1.7.0_02/lib/i386/libawt.so
0037b000-00382000 rw-p 00086000 08:07 572435     /home/vincent/jre1.7.0_02/lib/i386/libawt.so
00382000-003a6000 rw-p 00000000 00:00 0 
003a6000-004bc000 r-xp 00000000 08:06 34173      /usr/lib/i386-linux-gnu/libX11.so.6.3.0
004bc000-004bd000 ---p 00116000 08:06 34173      /usr/lib/i386-linux-gnu/libX11.so.6.3.0
004bd000-004be000 r--p 00116000 08:06 34173      /usr/lib/i386-linux-gnu/libX11.so.6.3.0
004be000-004c0000 rw-p 00117000 08:06 34173      /usr/lib/i386-linux-gnu/libX11.so.6.3.0
004c0000-004c1000 rw-p 00000000 00:00 0 
004c1000-004ce000 r-xp 00000000 08:06 474803     /usr/lib/i386-linux-gnu/libXi.so.6.1.0
004ce000-004cf000 r--p 0000c000 08:06 474803     /usr/lib/i386-linux-gnu/libXi.so.6.1.0
004cf000-004d0000 rw-p 0000d000 08:06 474803     /usr/lib/i386-linux-gnu/libXi.so.6.1.0
004d0000-004d4000 r-xp 00000000 08:06 493381     /usr/lib/i386-linux-gnu/libXdmcp.so.6.0.0
004d4000-004d5000 r--p 00003000 08:06 493381     /usr/lib/i386-linux-gnu/libXdmcp.so.6.0.0
004d5000-004d6000 rw-p 00004000 08:06 493381     /usr/lib/i386-linux-gnu/libXdmcp.so.6.0.0
005f7000-005fb000 r-xp 00000000 08:06 196829     /usr/lib/libXtst.so.6.1.0
005fb000-005fc000 r--p 00003000 08:06 196829     /usr/lib/libXtst.so.6.1.0
005fc000-005fd000 rw-p 00004000 08:06 196829     /usr/lib/libXtst.so.6.1.0
0061e000-0062c000 r-xp 00000000 08:07 572464     /home/vincent/jre1.7.0_02/lib/i386/libnio.so
0062c000-0062d000 rw-p 0000e000 08:07 572464     /home/vincent/jre1.7.0_02/lib/i386/libnio.so
00639000-00655000 r-xp 00000000 08:06 667835     /lib/i386-linux-gnu/ld-2.13.so
00655000-00656000 r--p 0001b000 08:06 667835     /lib/i386-linux-gnu/ld-2.13.so
00656000-00657000 rw-p 0001c000 08:06 667835     /lib/i386-linux-gnu/ld-2.13.so
0071b000-00764000 r-xp 00000000 08:07 449686     /home/vincent/jre1.7.0_02/lib/i386/xawt/libmawt.so
00764000-00766000 rw-p 00048000 08:07 449686     /home/vincent/jre1.7.0_02/lib/i386/xawt/libmawt.so
00766000-00767000 rw-p 00000000 00:00 0 
00874000-00876000 r-xp 00000000 08:06 673151     /lib/i386-linux-gnu/libdl-2.13.so
00876000-00877000 r--p 00001000 08:06 673151     /lib/i386-linux-gnu/libdl-2.13.so
00877000-00878000 rw-p 00002000 08:06 673151     /lib/i386-linux-gnu/libdl-2.13.so
008e4000-008fb000 r-xp 00000000 08:07 572472     /home/vincent/jre1.7.0_02/lib/i386/libzip.so
008fb000-008fc000 rw-p 00017000 08:07 572472     /home/vincent/jre1.7.0_02/lib/i386/libzip.so
0095c000-00971000 r-xp 00000000 08:06 673165     /lib/i386-linux-gnu/libpthread-2.13.so
00971000-00972000 r--p 00015000 08:06 673165     /lib/i386-linux-gnu/libpthread-2.13.so
00972000-00973000 rw-p 00016000 08:06 673165     /lib/i386-linux-gnu/libpthread-2.13.so
00973000-00975000 rw-p 00000000 00:00 0 
00994000-0099e000 r-xp 00000000 08:06 673157     /lib/i386-linux-gnu/libnss_files-2.13.so
0099e000-0099f000 r--p 00009000 08:06 673157     /lib/i386-linux-gnu/libnss_files-2.13.so
0099f000-009a0000 rw-p 0000a000 08:06 673157     /lib/i386-linux-gnu/libnss_files-2.13.so
009b4000-009cb000 r-xp 00000000 08:06 493390     /usr/lib/i386-linux-gnu/libxcb.so.1.1.0
009cb000-009cc000 r--p 00016000 08:06 493390     /usr/lib/i386-linux-gnu/libxcb.so.1.1.0
009cc000-009cd000 rw-p 00017000 08:06 493390     /usr/lib/i386-linux-gnu/libxcb.so.1.1.0
009f9000-00a02000 r-xp 00000000 08:06 673160     /lib/i386-linux-gnu/libnss_nis-2.13.so
00a02000-00a03000 r--p 00008000 08:06 673160     /lib/i386-linux-gnu/libnss_nis-2.13.so
00a03000-00a04000 rw-p 00009000 08:06 673160     /lib/i386-linux-gnu/libnss_nis-2.13.so
00b16000-00b23000 r-xp 00000000 08:06 586434     /usr/lib/i386-linux-gnu/libXext.so.6.4.0
00b23000-00b24000 r--p 0000c000 08:06 586434     /usr/lib/i386-linux-gnu/libXext.so.6.4.0
00b24000-00b25000 rw-p 0000d000 08:06 586434     /usr/lib/i386-linux-gnu/libXext.so.6.4.0
00be2000-00bf5000 r-xp 00000000 08:07 400628     /home/vincent/jre1.7.0_02/lib/i386/jli/libjli.so
00bf5000-00bf6000 rw-p 00012000 08:07 400628     /home/vincent/jre1.7.0_02/lib/i386/jli/libjli.so
00c6b000-00c7e000 r-xp 00000000 08:06 673154     /lib/i386-linux-gnu/libnsl-2.13.so
00c7e000-00c7f000 r--p 00012000 08:06 673154     /lib/i386-linux-gnu/libnsl-2.13.so
00c7f000-00c80000 rw-p 00013000 08:06 673154     /lib/i386-linux-gnu/libnsl-2.13.so
00c80000-00c82000 rw-p 00000000 00:00 0 
00d7d000-00d83000 r-xp 00000000 08:06 673155     /lib/i386-linux-gnu/libnss_compat-2.13.so
00d83000-00d84000 r--p 00005000 08:06 673155     /lib/i386-linux-gnu/libnss_compat-2.13.so
00d84000-00d85000 rw-p 00006000 08:06 673155     /lib/i386-linux-gnu/libnss_compat-2.13.so
00d9f000-00da0000 r-xp 00000000 00:00 0          [vdso]
00da0000-0150e000 r-xp 00000000 08:07 408853     /home/vincent/jre1.7.0_02/lib/i386/server/libjvm.so
0150e000-0155d000 rw-p 0076d000 08:07 408853     /home/vincent/jre1.7.0_02/lib/i386/server/libjvm.so
0155d000-0197c000 rw-p 00000000 00:00 0 
08048000-08049000 r-xp 00000000 08:07 948769     /home/vincent/jre1.7.0_02/bin/java
08049000-0804a000 rw-p 00000000 08:07 948769     /home/vincent/jre1.7.0_02/bin/java
0821e000-09d54000 rw-p 00000000 00:00 0          [heap]
8ac00000-8acf1000 rw-p 00000000 00:00 0 
8acf1000-8ad00000 ---p 00000000 00:00 0 
8ae00000-8aee5000 rw-p 00000000 00:00 0 
8aee5000-8af00000 ---p 00000000 00:00 0 
8b000000-8b0f0000 rw-p 00000000 00:00 0 
8b0f0000-8b100000 ---p 00000000 00:00 0 
8b100000-8b1fc000 rw-p 00000000 00:00 0 
8b1fc000-8b200000 ---p 00000000 00:00 0 
8b200000-8b400000 rw-p 00000000 00:00 0 
8b400000-8b600000 rw-p 00000000 00:00 0 
8b600000-8b800000 rw-p 00000000 00:00 0 
8b800000-8ba00000 rw-p 00000000 00:00 0 
8ba00000-8bafd000 rw-p 00000000 00:00 0 
8bafd000-8bb00000 ---p 00000000 00:00 0 
8bc00000-8bd83000 rw-p 00000000 00:00 0 
8bd83000-8be00000 ---p 00000000 00:00 0 
8be00000-8bfeb000 rw-p 00000000 00:00 0 
8bfeb000-8c000000 ---p 00000000 00:00 0 
8c000000-8c100000 rw-p 00000000 00:00 0 
8c200000-8c400000 rw-p 00000000 00:00 0 
8c400000-8c5f9000 rw-p 00000000 00:00 0 
8c5f9000-8c600000 ---p 00000000 00:00 0 
8c600000-8c800000 rw-p 00000000 00:00 0 
8c800000-8ca00000 rw-p 00000000 00:00 0 
8ca00000-8cafc000 rw-p 00000000 00:00 0 
8cafc000-8cb00000 ---p 00000000 00:00 0 
8cb00000-8cc00000 rw-p 00000000 00:00 0 
8cc00000-8cdfd000 rw-p 00000000 00:00 0 
8cdfd000-8ce00000 ---p 00000000 00:00 0 
8ce00000-8cecf000 rw-p 00000000 00:00 0 
8cecf000-8cf00000 ---p 00000000 00:00 0 
8cf00000-8cffb000 rw-p 00000000 00:00 0 
8cffb000-8d000000 ---p 00000000 00:00 0 
8d000000-8d1fc000 rw-p 00000000 00:00 0 
8d1fc000-8d200000 ---p 00000000 00:00 0 
8d200000-8d2d5000 rw-p 00000000 00:00 0 
8d2d5000-8d300000 ---p 00000000 00:00 0 
8d300000-8d3fd000 rw-p 00000000 00:00 0 
8d3fd000-8d400000 ---p 00000000 00:00 0 
8d400000-8d4e7000 rw-p 00000000 00:00 0 
8d4e7000-8d500000 ---p 00000000 00:00 0 
8d500000-8d5ff000 rw-p 00000000 00:00 0 
8d5ff000-8d600000 ---p 00000000 00:00 0 
8d600000-8d6bf000 rw-p 00000000 00:00 0 
8d6bf000-8d700000 ---p 00000000 00:00 0 
8d700000-8d7d4000 rw-p 00000000 00:00 0 
8d7d4000-8d800000 ---p 00000000 00:00 0 
8d800000-8d8fa000 rw-p 00000000 00:00 0 
8d8fa000-8d900000 ---p 00000000 00:00 0 
8da00000-8daf7000 rw-p 00000000 00:00 0 
8daf7000-8db00000 ---p 00000000 00:00 0 
8db00000-8dc00000 rw-p 00000000 00:00 0 
8dc00000-8dcfb000 rw-p 00000000 00:00 0 
8dcfb000-8dd00000 ---p 00000000 00:00 0 
8dd00000-8ddf9000 rw-p 00000000 00:00 0 
8ddf9000-8de00000 ---p 00000000 00:00 0 
8de00000-8deec000 rw-p 00000000 00:00 0 
8deec000-8df00000 ---p 00000000 00:00 0 
8e000000-8e0cd000 rw-p 00000000 00:00 0 
8e0cd000-8e100000 ---p 00000000 00:00 0 
8e100000-8e1fa000 rw-p 00000000 00:00 0 
8e1fa000-8e200000 ---p 00000000 00:00 0 
8e200000-8e300000 rw-p 00000000 00:00 0 
8e400000-8e4fd000 rw-p 00000000 00:00 0 
8e4fd000-8e500000 ---p 00000000 00:00 0 
8e588000-8e58b000 ---p 00000000 00:00 0 
8e58b000-8e5d9000 rw-p 00000000 00:00 0 
8e5d9000-8e5dc000 ---p 00000000 00:00 0 
8e5dc000-8e62a000 rw-p 00000000 00:00 0 
8e62a000-8e62d000 ---p 00000000 00:00 0 
8e62d000-8e67b000 rw-p 00000000 00:00 0 
8e6af000-8e6b2000 ---p 00000000 00:00 0 
8e6b2000-8e700000 rw-p 00000000 00:00 0 
8e700000-8e800000 rw-p 00000000 00:00 0 
8e900000-8ea00000 rw-p 00000000 00:00 0 
8ea0d000-8ea10000 ---p 00000000 00:00 0 
8ea10000-8ea5e000 rw-p 00000000 00:00 0 
8ea5e000-8ea61000 ---p 00000000 00:00 0 
8ea61000-8eaaf000 rw-p 00000000 00:00 0 
8eaaf000-8eab2000 ---p 00000000 00:00 0 
8eab2000-8eb00000 rw-p 00000000 00:00 0 
8eb00000-8ebfd000 rw-p 00000000 00:00 0 
8ebfd000-8ec00000 ---p 00000000 00:00 0 
8ec00000-8ecf9000 rw-p 00000000 00:00 0 
8ecf9000-8ed00000 ---p 00000000 00:00 0 
8ed00000-8ee00000 rw-p 00000000 00:00 0 
8ee01000-8ee04000 ---p 00000000 00:00 0 
8ee04000-8ee52000 rw-p 00000000 00:00 0 
8ee52000-8ee54000 r--s 00003000 08:07 1058919    /home/vincent/workspace/BoutiqueEnLigne/BoutiqueEnLigne/jsf-webflow-web/target/work/webapp/WEB-INF/lib/jsf-webflow-persistence-0.0.1-SNAPSHOT.jar
8ee54000-8ee57000 r--s 00015000 08:07 1058918    /home/vincent/workspace/BoutiqueEnLigne/BoutiqueEnLigne/jsf-webflow-web/target/work/webapp/WEB-INF/lib/commons-pool-1.5.4.jar
8ee57000-8ee5a000 r--s 0000a000 08:07 1058917    /home/vincent/workspace/BoutiqueEnLigne/BoutiqueEnLigne/jsf-webflow-web/target/work/webapp/WEB-INF/lib/persistence-api-1.0.jar
8ee5a000-8ee6f000 r--s 0016a000 08:07 1058916    /home/vincent/workspace/BoutiqueEnLigne/BoutiqueEnLigne/jsf-webflow-web/target/work/webapp/WEB-INF/lib/richfaces-impl-3.3.3.Final.jar
8ee6f000-8eea0000 r--s 002c0000 08:07 1058915    /home/vincent/workspace/BoutiqueEnLigne/BoutiqueEnLigne/jsf-webflow-web/target/work/webapp/WEB-INF/lib/hibernate-core-3.6.0.Final.jar
8eea0000-8eeaa000 r--s 00057000 08:07 1058914    /home/vincent/workspace/BoutiqueEnLigne/BoutiqueEnLigne/jsf-webflow-web/target/work/webapp/WEB-INF/lib/spring-web-3.0.5.RELEASE.jar
8eeaa000-8eeab000 r--s 00002000 08:07 1058913    /home/vincent/workspace/BoutiqueEnLigne/BoutiqueEnLigne/jsf-webflow-web/target/work/webapp/WEB-INF/lib/slf4j-log4j12-1.5.8.jar
8eeab000-8eec3000 r--s 00107000 08:07 1058912    /home/vincent/workspace/BoutiqueEnLigne/BoutiqueEnLigne/jsf-webflow-web/target/work/webapp/WEB-INF/lib/spring-js-2.0.9.RELEASE.jar
8eec3000-8eec5000 r--s 00001000 08:07 1058911    /home/vincent/workspace/BoutiqueEnLigne/BoutiqueEnLigne/jsf-webflow-web/target/work/webapp/WEB-INF/lib/jsf-webflow-service-0.0.1-SNAPSHOT.jar
8eec5000-8eecf000 r--s 00121000 08:07 1058910    /home/vincent/workspace/BoutiqueEnLigne/BoutiqueEnLigne/jsf-webflow-web/target/work/webapp/WEB-INF/lib/h2-1.2.140.jar
8eecf000-8eed1000 r--s 00011000 08:07 1058909    /home/vincent/workspace/BoutiqueEnLigne/BoutiqueEnLigne/jsf-webflow-web/target/work/webapp/WEB-INF/lib/hamcrest-core-1.1.jar
8eed1000-8eed6000 r--s 00014000 08:07 1058908    /home/vincent/workspace/BoutiqueEnLigne/BoutiqueEnLigne/jsf-webflow-web/target/work/webapp/WEB-INF/lib/hibernate-jpa-2.0-api-1.0.0.Final.jar
8eed6000-8eed8000 r--s 00004000 08:07 1058907    /home/vincent/workspace/BoutiqueEnLigne/BoutiqueEnLigne/jsf-webflow-web/target/work/webapp/WEB-INF/lib/jstl-1.1.2.jar
8eed8000-8eedb000 r--s 00025000 08:07 1058906    /home/vincent/workspace/BoutiqueEnLigne/BoutiqueEnLigne/jsf-webflow-web/target/work/webapp/WEB-INF/lib/commons-dbcp-1.4.jar
8eedb000-8eedc000 r--s 0000a000 08:07 1058905    /home/vincent/workspace/BoutiqueEnLigne/BoutiqueEnLigne/jsf-webflow-web/target/work/webapp/WEB-INF/lib/asm-3.1.jar
8eedc000-8eee0000 r--s 00026000 08:07 1058904    /home/vincent/workspace/BoutiqueEnLigne/BoutiqueEnLigne/jsf-webflow-web/target/work/webapp/WEB-INF/lib/spring-expression-3.0.5.RELEASE.jar
8eee0000-8eee7000 r--s 00043000 08:07 1058903    /home/vincent/workspace/BoutiqueEnLigne/BoutiqueEnLigne/jsf-webflow-web/target/work/webapp/WEB-INF/lib/jsf-facelets-1.1.14.jar
8eee7000-8eef0000 r--s 00092000 08:07 1058901    /home/vincent/workspace/BoutiqueEnLigne/BoutiqueEnLigne/jsf-webflow-web/target/work/webapp/WEB-INF/lib/javassist-3.12.0.GA.jar
8eef0000-8ef00000 r--s 0007c000 08:07 1058900    /home/vincent/workspace/BoutiqueEnLigne/BoutiqueEnLigne/jsf-webflow-web/target/work/webapp/WEB-INF/lib/joda-time-2.1.jar
8ef00000-8efff000 rw-p 00000000 00:00 0 
8efff000-8f000000 ---p 00000000 00:00 0 
8f000000-8f04c000 r--s 003f1000 08:07 1058898    /home/vincent/workspace/BoutiqueEnLigne/BoutiqueEnLigne/jsf-webflow-web/target/work/webapp/WEB-INF/lib/richfaces-ui-3.3.3.Final.jar
8f04c000-8f059000 r--s 00072000 08:07 1058897    /home/vincent/workspace/BoutiqueEnLigne/BoutiqueEnLigne/jsf-webflow-web/target/work/webapp/WEB-INF/lib/spring-webflow-2.0.9.RELEASE.jar
8f059000-8f060000 r--s 00037000 08:07 1058896    /home/vincent/workspace/BoutiqueEnLigne/BoutiqueEnLigne/jsf-webflow-web/target/work/webapp/WEB-INF/lib/junit-4.10.jar
8f060000-8f065000 r--s 00048000 08:07 1058895    /home/vincent/workspace/BoutiqueEnLigne/BoutiqueEnLigne/jsf-webflow-web/target/work/webapp/WEB-INF/lib/dom4j-1.6.1.jar
8f065000-8f076000 r--s 000ab000 08:07 1058894    /home/vincent/workspace/BoutiqueEnLigne/BoutiqueEnLigne/jsf-webflow-web/target/work/webapp/WEB-INF/lib/spring-security-core-2.0.5.RELEASE.jar
8f076000-8f077000 r--s 0000c000 08:07 1058893    /home/vincent/workspace/BoutiqueEnLigne/BoutiqueEnLigne/jsf-webflow-web/target/work/webapp/WEB-INF/lib/spring-asm-3.0.5.RELEASE.jar
8f077000-8f07b000 r--s 00020000 08:07 1058892    /home/vincent/workspace/BoutiqueEnLigne/BoutiqueEnLigne/jsf-webflow-web/target/work/webapp/WEB-INF/lib/commons-digester-1.8.1.jar
8f07b000-8f07c000 r--s 00002000 08:07 1058891    /home/vincent/workspace/BoutiqueEnLigne/BoutiqueEnLigne/jsf-webflow-web/target/work/webapp/WEB-INF/lib/Database-1.0.jar
8f07c000-8f085000 r--s 0005d000 08:07 1058890    /home/vincent/workspace/BoutiqueEnLigne/BoutiqueEnLigne/jsf-webflow-web/target/work/webapp/WEB-INF/lib/hibernate-entitymanager-3.6.0.Final.jar
8f085000-8f087000 r--s 0000a000 08:07 1058889    /home/vincent/workspace/BoutiqueEnLigne/BoutiqueEnLigne/jsf-webflow-web/target/work/webapp/WEB-INF/lib/commons-codec-1.3.jar
8f087000-8f08a000 r--s 0001a000 08:07 1058888    /home/vincent/workspace/BoutiqueEnLigne/BoutiqueEnLigne/jsf-webflow-web/target/work/webapp/WEB-INF/lib/spring-support-2.0.8.jar
8f08a000-8f08b000 r--s 00003000 08:07 1058887    /home/vincent/workspace/BoutiqueEnLigne/BoutiqueEnLigne/jsf-webflow-web/target/work/webapp/WEB-INF/lib/jta-1.1.jar
8f08b000-8f08d000 r--s 0000d000 08:07 1058886    /home/vincent/workspace/BoutiqueEnLigne/BoutiqueEnLigne/jsf-webflow-web/target/work/webapp/WEB-INF/lib/commons-logging-1.1.1.jar
8f08d000-8f097000 r--s 00055000 08:07 1058885    /home/vincent/workspace/BoutiqueEnLigne/BoutiqueEnLigne/jsf-webflow-web/target/work/webapp/WEB-INF/lib/spring-jdbc-3.0.5.RELEASE.jar
8f097000-8f09f000 r--s 0004a000 08:07 1058884    /home/vincent/workspace/BoutiqueEnLigne/BoutiqueEnLigne/jsf-webflow-web/target/work/webapp/WEB-INF/lib/spring-orm-3.0.5.RELEASE.jar
8f09f000-8f0a3000 r--s 0001f000 08:07 1058883    /home/vincent/workspace/BoutiqueEnLigne/BoutiqueEnLigne/jsf-webflow-web/target/work/webapp/WEB-INF/lib/spring-faces-2.0.9.RELEASE.jar
8f0a3000-8f0ac000 r--s 000ca000 08:07 1058882    /home/vincent/workspace/BoutiqueEnLigne/BoutiqueEnLigne/jsf-webflow-web/target/work/webapp/WEB-INF/lib/cassandra-thrift-1.0.6.jar
8f0ac000-8f0b7000 r--s 000b8000 08:07 1058881    /home/vincent/workspace/BoutiqueEnLigne/BoutiqueEnLigne/jsf-webflow-web/target/work/webapp/WEB-INF/lib/hector-core-1.0-2.jar
8f0b7000-8f0bd000 r--s 00021000 08:07 1058880    /home/vincent/workspace/BoutiqueEnLigne/BoutiqueEnLigne/jsf-webflow-web/target/work/webapp/WEB-INF/lib/spring-binding-2.0.9.RELEASE.jar
8f0bd000-8f0c6000 r--s 0005a000 08:07 1058879    /home/vincent/workspace/BoutiqueEnLigne/BoutiqueEnLigne/jsf-webflow-web/target/work/webapp/WEB-INF/lib/spring-webmvc-2.5.6.SEC01.jar
8f0c6000-8f0c9000 r--s 0000f000 08:07 1058878    /home/vincent/workspace/BoutiqueEnLigne/BoutiqueEnLigne/jsf-webflow-web/target/work/webapp/WEB-INF/lib/hibernate-commons-annotations-3.2.0.Final.jar
8f0c9000-8f0ce000 r--s 00034000 08:07 1058877    /home/vincent/workspace/BoutiqueEnLigne/BoutiqueEnLigne/jsf-webflow-web/target/work/webapp/WEB-INF/lib/commons-beanutils-1.8.0.jar
8f0ce000-8f0d1000 r--s 00015000 08:07 1058876    /home/vincent/workspace/BoutiqueEnLigne/BoutiqueEnLigne/jsf-webflow-web/target/work/webapp/WEB-INF/lib/spring-context-support-2.5.6.SEC01.jar
8f0d1000-8f0e9000 r--s 00100000 08:07 1058875    /home/vincent/workspace/BoutiqueEnLigne/BoutiqueEnLigne/jsf-webflow-web/target/work/webapp/WEB-INF/lib/guava-r09.jar
8f0e9000-8f0f3000 r--s 000c4000 08:07 654470     /home/vincent/workspace/BoutiqueEnLigne/BoutiqueEnLigne/jsf-webflow-web/target/work/webapp/WEB-INF/lib/jsf-impl-1.2_13.jar
8f0f3000-8f100000 r--s 0007f000 08:07 654469     /home/vincent/workspace/BoutiqueEnLigne/BoutiqueEnLigne/jsf-webflow-web/target/work/webapp/WEB-INF/lib/commons-collections-3.2.jar
8f100000-8f2fe000 rw-p 00000000 00:00 0 
8f2fe000-8f300000 ---p 00000000 00:00 0 
8f300000-8f400000 rw-p 00000000 00:00 0 
8f400000-8f403000 r--s 000f4000 08:07 433931     /home/vincent/jre1.7.0_02/lib/ext/localedata.jar
8f403000-8f409000 r--s 00067000 08:07 1058902    /home/vincent/workspace/BoutiqueEnLigne/BoutiqueEnLigne/jsf-webflow-web/target/work/webapp/WEB-INF/lib/antlr-2.7.6.jar
8f409000-8f40a000 r--s 00004000 08:07 654468     /home/vincent/workspace/BoutiqueEnLigne/BoutiqueEnLigne/jsf-webflow-web/target/work/webapp/WEB-INF/lib/spring-security-taglibs-2.0.5.RELEASE.jar
8f40a000-8f410000 r--s 00025000 08:07 654467     /home/vincent/workspace/BoutiqueEnLigne/BoutiqueEnLigne/jsf-webflow-web/target/work/webapp/WEB-INF/lib/richfaces-api-3.3.3.Final.jar
8f410000-8f412000 r--s 00002000 08:07 654466     /home/vincent/workspace/BoutiqueEnLigne/BoutiqueEnLigne/jsf-webflow-web/target/work/webapp/WEB-INF/lib/uuid-3.2.0.jar
8f412000-8f418000 r--s 00043000 08:07 654465     /home/vincent/workspace/BoutiqueEnLigne/BoutiqueEnLigne/jsf-webflow-web/target/work/webapp/WEB-INF/lib/libthrift-0.6.1.jar
8f418000-8f41a000 r--s 00005000 08:07 654464     /home/vincent/workspace/BoutiqueEnLigne/BoutiqueEnLigne/jsf-webflow-web/target/work/webapp/WEB-INF/lib/slf4j-api-1.6.1.jar
8f41a000-8f421000 r--s 0003e000 08:07 654463     /home/vincent/workspace/BoutiqueEnLigne/BoutiqueEnLigne/jsf-webflow-web/target/work/webapp/WEB-INF/lib/cglib-2.2.jar
8f421000-8f424000 r--s 0000e000 08:07 654462     /home/vincent/workspace/BoutiqueEnLigne/BoutiqueEnLigne/jsf-webflow-web/target/work/webapp/WEB-INF/lib/spring-security-acl-2.0.5.RELEASE.jar
8f424000-8f42b000 r--s 00053000 08:07 654461     /home/vincent/workspace/BoutiqueEnLigne/BoutiqueEnLigne/jsf-webflow-web/target/work/webapp/WEB-INF/lib/log4j-1.2.14.jar
8f42b000-8f431000 r--s 00053000 08:07 654460     /home/vincent/workspace/BoutiqueEnLigne/BoutiqueEnLigne/jsf-webflow-web/target/work/webapp/WEB-INF/lib/jsf-api-1.2_13.jar
8f431000-8f43a000 r--s 00046000 08:07 654459     /home/vincent/workspace/BoutiqueEnLigne/BoutiqueEnLigne/jsf-webflow-web/target/work/webapp/WEB-INF/lib/spring-aop-3.0.5.RELEASE.jar
8f43a000-8f43e000 r--s 0003c000 08:07 654458     /home/vincent/workspace/BoutiqueEnLigne/BoutiqueEnLigne/jsf-webflow-web/target/work/webapp/WEB-INF/lib/commons-lang-2.4.jar
8f43e000-8f43f000 r--s 00001000 08:07 654457     /home/vincent/workspace/BoutiqueEnLigne/BoutiqueEnLigne/jsf-webflow-web/target/work/webapp/WEB-INF/lib/slf4j-simple-1.6.2.jar
8f43f000-8f441000 r--s 00000000 08:07 654456     /home/vincent/workspace/BoutiqueEnLigne/BoutiqueEnLigne/jsf-webflow-web/target/work/webapp/WEB-INF/lib/aopalliance-1.0.jar
8f441000-8f44a000 r--s 00055000 08:07 654455     /home/vincent/workspace/BoutiqueEnLigne/BoutiqueEnLigne/jsf-webflow-web/target/work/webapp/WEB-INF/lib/spring-core-3.0.5.RELEASE.jar
8f44a000-8f45c000 r--s 00092000 08:07 654454     /home/vincent/workspace/BoutiqueEnLigne/BoutiqueEnLigne/jsf-webflow-web/target/work/webapp/WEB-INF/lib/spring-context-3.0.5.RELEASE.jar
8f45c000-8f468000 r--s 0007c000 08:07 654453     /home/vincent/workspace/BoutiqueEnLigne/BoutiqueEnLigne/jsf-webflow-web/target/work/webapp/WEB-INF/lib/spring-beans-3.0.5.RELEASE.jar
8f468000-8f46c000 r--s 00028000 08:07 654452     /home/vincent/workspace/BoutiqueEnLigne/BoutiqueEnLigne/jsf-webflow-web/target/work/webapp/WEB-INF/lib/WebService-1.0.jar
8f46c000-8f46f000 r--s 0001e000 08:07 654451     /home/vincent/workspace/BoutiqueEnLigne/BoutiqueEnLigne/jsf-webflow-web/target/work/webapp/WEB-INF/lib/jboss-el-2.0.1.GA.jar
8f46f000-8f476000 r--s 00032000 08:07 654450     /home/vincent/workspace/BoutiqueEnLigne/BoutiqueEnLigne/jsf-webflow-web/target/work/webapp/WEB-INF/lib/spring-tx-3.0.5.RELEASE.jar
8f476000-8f479000 r--s 00018000 08:07 157618     /home/vincent/jre1.7.0_02/lib/jce.jar
8f479000-8f49c000 r--p 00000000 08:06 611154     /usr/share/locale-langpack/fr/LC_MESSAGES/libc.mo
8f49c000-8f49e000 r--s 00003000 08:07 41173      /home/vincent/.m2/repository/org/mortbay/jetty/start/6.1.16/start-6.1.16.jar
8f49e000-8f49f000 r--s 00002000 08:07 204777     /home/vincent/.m2/repository/org/apache/geronimo/specs/geronimo-annotation_1.0_spec/1.0/geronimo-annotation_1.0_spec-1.0.jar
8f49f000-8f4a1000 r--s 00002000 08:07 24897      /home/vincent/.m2/repository/org/mortbay/jetty/jetty-annotations/6.1.16/jetty-annotations-6.1.16.jar
8f4a1000-8f4b0000 r--s 000ee000 08:07 188079     /home/vincent/.m2/repository/ant/ant/1.6.5/ant-1.6.5.jar
8f4b0000-8f4c1000 r--s 000ea000 08:07 8403       /home/vincent/.m2/repository/org/mortbay/jetty/jsp-2.1-glassfish/9.1.1.B51.25.p1/jsp-2.1-glassfish-9.1.1.B51.25.p1.jar
8f4c1000-8f4c4000 r--s 0001e000 08:07 2199369    /home/vincent/.m2/repository/org/mortbay/jetty/jsp-api-2.1-glassfish/9.1.1.B51.25.p1/jsp-api-2.1-glassfish-9.1.1.B51.25.p1.jar
8f4c4000-8f4e7000 r--s 00344000 08:07 163597     /home/vincent/.m2/repository/org/eclipse/jdt/core/3.1.1/core-3.1.1.jar
8f4e7000-8f4e9000 r--s 00000000 08:07 2199368    /home/vincent/.m2/repository/org/mortbay/jetty/jsp-2.1-jetty/6.1.16/jsp-2.1-jetty-6.1.16.jar
8f4e9000-8f4eb000 r--s 00007000 08:07 2215709    /home/vincent/.m2/repository/org/mortbay/jetty/jetty-management/6.1.16/jetty-management-6.1.16.jar
8f4eb000-8f4ed000 r--s 0000e000 08:07 2199367    /home/vincent/.m2/repository/javax/activation/activation/1.1/activation-1.1.jar
8f4ed000-8f4f3000 r--s 00059000 08:07 2125781    /home/vincent/.m2/repository/javax/mail/mail/1.4/mail-1.4.jar
8f4f3000-8f4f4000 r--s 00006000 08:07 2215708    /home/vincent/.m2/repository/org/mortbay/jetty/jetty-naming/6.1.16/jetty-naming-6.1.16.jar
8f4f4000-8f4f6000 r--s 00002000 08:07 163596     /home/vincent/.m2/repository/geronimo-spec/geronimo-spec-jta/1.0.1B-rc4/geronimo-spec-jta-1.0.1B-rc4.jar
8f4f6000-8f4f8000 r--s 0000e000 08:07 2199366    /home/vincent/.m2/repository/org/mortbay/jetty/jetty-plus/6.1.16/jetty-plus-6.1.16.jar
8f4f8000-8f4fa000 r--s 00004000 08:07 1144652    /home/vincent/.m2/repository/org/apache/maven/maven-plugin-tools-api/2.0/maven-plugin-tools-api-2.0.jar
8f4fa000-8f4fd000 r--s 0001b000 08:07 915739     /home/vincent/.m2/repository/junit/junit/3.8.2/junit-3.8.2.jar
8f4fd000-8f500000 r--s 00027000 08:07 662276     /home/vincent/.m2/repository/org/codehaus/plexus/plexus-utils/1.1/plexus-utils-1.1.jar
8f500000-8f5fb000 rw-p 00000000 00:00 0 
8f5fb000-8f600000 ---p 00000000 00:00 0 
8f600000-8f6ed000 rw-p 00000000 00:00 0 
8f6ed000-8f700000 ---p 00000000 00:00 0 
8f700000-8f702000 r--s 00005000 08:07 1058899    /home/vincent/workspace/BoutiqueEnLigne/BoutiqueEnLigne/jsf-webflow-web/target/work/webapp/WEB-INF/lib/speed4j-0.9.jar
8f702000-8f706000 r--s 00027000 08:07 842205     /home/vincent/.m2/repository/org/mortbay/jetty/jetty-util/6.1.16/jetty-util-6.1.16.jar
8f706000-8f70d000 r--s 00079000 08:07 834003     /home/vincent/.m2/repository/org/mortbay/jetty/jetty/6.1.16/jetty-6.1.16.jar
8f70d000-8f710000 ---p 00000000 00:00 0 
8f710000-8f75e000 rw-p 00000000 00:00 0 
8f75e000-8f761000 ---p 00000000 00:00 0 
8f761000-8f7af000 rw-p 00000000 00:00 0 
8f7af000-8f7b2000 ---p 00000000 00:00 0 
8f7b2000-8f800000 rw-p 00000000 00:00 0 
8f800000-8f8ef000 rw-p 00000000 00:00 0 
8f8ef000-8f900000 ---p 00000000 00:00 0 
8f900000-8f902000 r--s 0001f000 08:07 2076852    /home/vincent/.m2/repository/org/mortbay/jetty/servlet-api/2.5-20081211/servlet-api-2.5-20081211.jar
8f902000-8f904000 r--s 0000a000 08:07 2028370    /home/vincent/.m2/repository/org/mortbay/jetty/maven-jetty-plugin/6.1.16/maven-jetty-plugin-6.1.16.jar
8f904000-8f90d000 r--s 00254000 08:07 157578     /home/vincent/jre1.7.0_02/lib/resources.jar
8f90d000-8f910000 ---p 00000000 00:00 0 
8f910000-8f95e000 rw-p 00000000 00:00 0 
8f95e000-8f961000 ---p 00000000 00:00 0 
8f961000-8f9af000 rw-p 00000000 00:00 0 
8f9af000-8f9b2000 ---p 00000000 00:00 0 
8f9b2000-8fa00000 rw-p 00000000 00:00 0 
8fa00000-8fbff000 rw-p 00000000 00:00 0 
8fbff000-8fc00000 ---p 00000000 00:00 0 
8fc00000-8fcf6000 rw-p 00000000 00:00 0 
8fcf6000-8fd00000 ---p 00000000 00:00 0 
8fd00000-8fdf7000 rw-p 00000000 00:00 0 
8fdf7000-8fe00000 ---p 00000000 00:00 0 
8fe00000-8ff00000 rw-p 00000000 00:00 0 
8ff01000-8ff03000 r--s 00007000 08:07 498777     /home/vincent/.m2/repository/org/apache/maven/shared/maven-filtering/1.0-beta-2/maven-filtering-1.0-beta-2.jar
8ff03000-8ff05000 r--s 00005000 08:07 449722     /home/vincent/.m2/repository/xpp3/xpp3_min/1.1.4c/xpp3_min-1.1.4c.jar
8ff05000-8ff10000 r--s 0005f000 08:07 449721     /home/vincent/.m2/repository/com/thoughtworks/xstream/xstream/1.3.1/xstream-1.3.1.jar
8ff10000-8ff13000 r--s 0000a000 08:07 474218     /home/vincent/.m2/repository/org/codehaus/plexus/plexus-io/1.0.1/plexus-io-1.0.1.jar
8ff13000-8ff17000 r--s 00029000 08:07 2076850    /home/vincent/.m2/repository/org/codehaus/plexus/plexus-archiver/1.2/plexus-archiver-1.2.jar
8ff17000-8ff18000 r--s 00004000 08:07 81805      /home/vincent/.m2/repository/org/apache/maven/maven-archiver/2.4.1/maven-archiver-2.4.1.jar
8ff18000-8ff1a000 r--s 00011000 08:07 41164      /home/vincent/.m2/repository/org/apache/maven/plugins/maven-war-plugin/2.1.1/maven-war-plugin-2.1.1.jar
8ff1a000-8ff1d000 ---p 00000000 00:00 0 
8ff1d000-8ff6b000 rw-p 00000000 00:00 0 
8ff6b000-8ff6c000 r--s 00002000 08:07 2076844    /home/vincent/.m2/repository/org/apache/maven/reporting/maven-reporting-api/2.0.9/maven-reporting-api-2.0.9.jar
8ff6c000-8ff6e000 r--s 00006000 08:07 1831551    /home/vincent/.m2/repository/org/apache/maven/shared/maven-common-artifact-filters/1.3/maven-common-artifact-filters-1.3.jar
8ff6e000-8ff70000 r--s 0000c000 08:07 269809     /home/vincent/.m2/repository/org/apache/maven/surefire/maven-surefire-common/2.7.1/maven-surefire-common-2.7.1.jar
8ff70000-8ff73000 r--s 00019000 08:07 408870     /home/vincent/.m2/repository/org/apache/maven/surefire/surefire-api/2.7.1/surefire-api-2.7.1.jar
8ff73000-8ff74000 r--s 00007000 08:07 490627     /home/vincent/.m2/repository/org/apache/maven/surefire/surefire-booter/2.7.1/surefire-booter-2.7.1.jar
8ff74000-8ff76000 r--s 00006000 08:07 29         /home/vincent/.m2/repository/org/apache/maven/plugins/maven-surefire-plugin/2.7.1/maven-surefire-plugin-2.7.1.jar
8ff76000-8ff78000 r--s 00002000 08:07 1880561    /home/vincent/.m2/repository/org/codehaus/plexus/plexus-compiler-javac/1.8.1/plexus-compiler-javac-1.8.1.jar
8ff78000-8ff7a000 r--s 00000000 08:07 1864194    /home/vincent/.m2/repository/org/codehaus/plexus/plexus-compiler-manager/1.8.1/plexus-compiler-manager-1.8.1.jar
8ff7a000-8ff7b000 r--s 00004000 08:07 1989184    /home/vincent/.m2/repository/org/codehaus/plexus/plexus-compiler-api/1.8.1/plexus-compiler-api-1.8.1.jar
8ff7b000-8ff7d000 r--s 00006000 08:07 16761      /home/vincent/.m2/repository/org/apache/maven/plugins/maven-compiler-plugin/2.3.2/maven-compiler-plugin-2.3.2.jar
8ff7d000-8ff7f000 r--s 0000d000 08:07 1931094    /home/vincent/.m2/repository/org/codehaus/plexus/plexus-interpolation/1.13/plexus-interpolation-1.13.jar
8ff7f000-8ff80000 r--s 00001000 08:07 1741500    /home/vincent/.m2/repository/org/sonatype/plexus/plexus-build-api/0.0.4/plexus-build-api-0.0.4.jar
8ff80000-8ff82000 r--s 00007000 08:07 2020742    /home/vincent/.m2/repository/org/apache/maven/shared/maven-filtering/1.0-beta-4/maven-filtering-1.0-beta-4.jar
8ff82000-8ff86000 r--s 00033000 08:07 876460     /home/vincent/.m2/repository/org/codehaus/plexus/plexus-utils/2.0.5/plexus-utils-2.0.5.jar
8ff86000-8ff89000 r--s 0001b000 08:07 1798782    /home/vincent/.m2/repository/junit/junit/3.8.1/junit-3.8.1.jar
8ff89000-8ff8b000 r--s 00002000 08:07 769113     /home/vincent/.m2/repository/org/codehaus/plexus/plexus-interactivity-api/1.0-alpha-4/plexus-interactivity-api-1.0-alpha-4.jar
8ff8b000-8ff8d000 r--s 00006000 08:07 915726     /home/vincent/.m2/repository/commons-cli/commons-cli/1.0/commons-cli-1.0.jar
8ff8d000-8ff8e000 r--s 00001000 08:07 2020741    /home/vincent/.m2/repository/org/apache/maven/doxia/doxia-sink-api/1.0-alpha-7/doxia-sink-api-1.0-alpha-7.jar
8ff8e000-8ff8f000 r--s 00002000 08:07 2020740    /home/vincent/.m2/repository/org/apache/maven/reporting/maven-reporting-api/2.0.6/maven-reporting-api-2.0.6.jar
8ff8f000-8ff90000 r--s 00005000 08:07 220798     /home/vincent/.m2/repository/org/apache/maven/plugins/maven-resources-plugin/2.4.3/maven-resources-plugin-2.4.3.jar
8ff90000-8ff93000 ---p 00000000 00:00 0 
8ff93000-8ff9f000 rw-p 00000000 00:00 0 
8ff9f000-8ffa2000 ---p 00000000 00:00 0 
8ffa2000-8fff0000 rw-p 00000000 00:00 0 
8fff0000-90000000 r--s 000bc000 08:07 645988     /home/vincent/eclipse/configuration/org.eclipse.osgi/bundles/780/1/.cp/netty-3.2.4.Final.jar
90000000-900ff000 rw-p 00000000 00:00 0 
900ff000-90100000 ---p 00000000 00:00 0 
90100000-90200000 rw-p 00000000 00:00 0 
90200000-902fb000 rw-p 00000000 00:00 0 
902fb000-90300000 ---p 00000000 00:00 0 
90300000-90306000 r--s 0004c000 08:07 645981     /home/vincent/eclipse/configuration/org.eclipse.osgi/bundles/762/1/.cp/async-http-client-1.6.3.jar
90306000-90308000 r--s 00005000 08:07 638236     /home/vincent/eclipse/plugins/org.eclipse.m2e.maven.runtime_1.0.200.20111228-1245/jars/wagon-ahc-1.2.0.jar
90308000-9030a000 r--s 0000c000 08:07 638198     /home/vincent/eclipse/plugins/org.eclipse.m2e.maven.runtime_1.0.200.20111228-1245/jars/aether-connector-asynchttpclient-1.11.jar
9030a000-9030d000 r--s 0001e000 08:07 638200     /home/vincent/eclipse/plugins/org.eclipse.m2e.maven.runtime_1.0.200.20111228-1245/jars/aether-impl-1.11.jar
9030d000-9030f000 r--s 0000d000 08:07 638238     /home/vincent/eclipse/plugins/org.eclipse.m2e.maven.runtime_1.0.200.20111228-1245/jars/wagon-provider-api-1.0-beta-6.jar
9030f000-90312000 r--s 0001d000 08:07 638202     /home/vincent/eclipse/plugins/org.eclipse.m2e.maven.runtime_1.0.200.20111228-1245/jars/aether-util-1.11.jar
90312000-90314000 r--s 00004000 08:07 638201     /home/vincent/eclipse/plugins/org.eclipse.m2e.maven.runtime_1.0.200.20111228-1245/jars/aether-spi-1.11.jar
90314000-90317000 r--s 00015000 08:07 638197     /home/vincent/eclipse/plugins/org.eclipse.m2e.maven.runtime_1.0.200.20111228-1245/jars/aether-api-1.11.jar
90317000-90319000 r--s 00007000 08:07 638199     /home/vincent/eclipse/plugins/org.eclipse.m2e.maven.runtime_1.0.200.20111228-1245/jars/aether-connector-wagon-1.11.jar
90319000-90324000 r--s 00073000 08:07 638235     /home/vincent/eclipse/plugins/org.eclipse.m2e.maven.runtime_1.0.200.20111228-1245/jars/sisu-guice-2.9.4-no_aop.jar
90324000-90328000 r--s 00036000 08:07 638234     /home/vincent/eclipse/plugins/org.eclipse.m2e.maven.runtime_1.0.200.20111228-1245/jars/plexus-utils-2.0.6.jar
90328000-90329000 r--s 00005000 08:07 638214     /home/vincent/eclipse/plugins/org.eclipse.m2e.maven.runtime_1.0.200.20111228-1245/jars/guice-plexus-scanners-2.0.0.jar
90329000-9032b000 r--s 00006000 08:07 638210     /home/vincent/eclipse/plugins/org.eclipse.m2e.maven.runtime_1.0.200.20111228-1245/jars/guice-plexus-binders-2.0.0.jar
9032b000-9032c000 r--s 00004000 08:07 638212     /home/vincent/eclipse/plugins/org.eclipse.m2e.maven.runtime_1.0.200.20111228-1245/jars/guice-plexus-locators-2.0.0.jar
9032c000-9032e000 r--s 00002000 08:07 638211     /home/vincent/eclipse/plugins/org.eclipse.m2e.maven.runtime_1.0.200.20111228-1245/jars/guice-plexus-converters-2.0.0.jar
9032e000-9032f000 r--s 00004000 08:07 638213     /home/vincent/eclipse/plugins/org.eclipse.m2e.maven.runtime_1.0.200.20111228-1245/jars/guice-plexus-metadata-2.0.0.jar
9032f000-90331000 r--s 00001000 08:07 638205     /home/vincent/eclipse/plugins/org.eclipse.m2e.maven.runtime_1.0.200.20111228-1245/jars/guice-bean-converters-2.0.0.jar
90331000-90333000 r--s 00012000 08:07 638209     /home/vincent/eclipse/plugins/org.eclipse.m2e.maven.runtime_1.0.200.20111228-1245/jars/guice-bean-scanners-2.0.0.jar
90333000-90335000 r--s 00007000 08:07 638204     /home/vincent/eclipse/plugins/org.eclipse.m2e.maven.runtime_1.0.200.20111228-1245/jars/guice-bean-binders-2.0.0.jar
90335000-90338000 r--s 0000b000 08:07 638207     /home/vincent/eclipse/plugins/org.eclipse.m2e.maven.runtime_1.0.200.20111228-1245/jars/guice-bean-locators-2.0.0.jar
90338000-9033a000 r--s 00002000 08:07 638206     /home/vincent/eclipse/plugins/org.eclipse.m2e.maven.runtime_1.0.200.20111228-1245/jars/guice-bean-inject-2.0.0.jar
9033a000-9033c000 r--s 00009000 08:07 638208     /home/vincent/eclipse/plugins/org.eclipse.m2e.maven.runtime_1.0.200.20111228-1245/jars/guice-bean-reflect-2.0.0.jar
9033c000-9033d000 r--s 00001000 08:07 638216     /home/vincent/eclipse/plugins/org.eclipse.m2e.maven.runtime_1.0.200.20111228-1245/jars/javax.inject-1.jar
9033d000-9033f000 r--s 00001000 08:07 638231     /home/vincent/eclipse/plugins/org.eclipse.m2e.maven.runtime_1.0.200.20111228-1245/jars/plexus-component-annotations-1.5.5.jar
9033f000-90344000 r--s 0001d000 08:07 638215     /home/vincent/eclipse/plugins/org.eclipse.m2e.maven.runtime_1.0.200.20111228-1245/jars/guice-plexus-shim-2.0.0.jar
90344000-9034a000 r--s 00044000 08:07 638219     /home/vincent/eclipse/plugins/org.eclipse.m2e.maven.runtime_1.0.200.20111228-1245/jars/maven-compat-3.0.2.jar
9034a000-9034b000 ---p 00000000 00:00 0 
9034b000-903cb000 rw-p 00000000 00:00 0 
903cb000-903ce000 ---p 00000000 00:00 0 
903ce000-9041c000 rw-p 00000000 00:00 0 
9041c000-9041f000 ---p 00000000 00:00 0 
9041f000-9049d000 rw-p 00000000 00:00 0 
9049d000-904a0000 ---p 00000000 00:00 0 
904a0000-9051e000 rw-p 00000000 00:00 0 
9051e000-90521000 ---p 00000000 00:00 0 
90521000-9056f000 rw-p 00000000 00:00 0 
9056f000-9076f000 r--p 00000000 08:06 203739     /usr/lib/locale/locale-archive
9076f000-90772000 ---p 00000000 00:00 0 
90772000-907c0000 rw-p 00000000 00:00 0 
907c0000-907c1000 ---p 00000000 00:00 0 
907c1000-90841000 rw-p 00000000 00:00 0 
90841000-90a00000 r--s 031d1000 08:07 157571     /home/vincent/jre1.7.0_02/lib/rt.jar
90a00000-90b00000 rw-p 00000000 00:00 0 
90b00000-90b01000 r--s 00003000 08:07 638237     /home/vincent/eclipse/plugins/org.eclipse.m2e.maven.runtime_1.0.200.20111228-1245/jars/wagon-file-1.0-beta-7.jar
90b01000-90b03000 r--s 0000a000 08:07 638203     /home/vincent/eclipse/plugins/org.eclipse.m2e.maven.runtime_1.0.200.20111228-1245/jars/commons-cli-1.2.jar
90b03000-90b05000 r--s 0000f000 08:07 638232     /home/vincent/eclipse/plugins/org.eclipse.m2e.maven.runtime_1.0.200.20111228-1245/jars/plexus-interpolation-1.14.jar
90b05000-90b07000 r--s 0000d000 08:07 638217     /home/vincent/eclipse/plugins/org.eclipse.m2e.maven.runtime_1.0.200.20111228-1245/jars/maven-aether-provider-3.0.2.jar
90b07000-90b09000 r--s 0000d000 08:07 638218     /home/vincent/eclipse/plugins/org.eclipse.m2e.maven.runtime_1.0.200.20111228-1245/jars/maven-artifact-3.0.2.jar
90b09000-90b0b000 r--s 0000a000 08:07 638227     /home/vincent/eclipse/plugins/org.eclipse.m2e.maven.runtime_1.0.200.20111228-1245/jars/maven-settings-builder-3.0.2.jar
90b0b000-90b0d000 r--s 00028000 08:07 638222     /home/vincent/eclipse/plugins/org.eclipse.m2e.maven.runtime_1.0.200.20111228-1245/jars/maven-model-3.0.2.jar
90b0d000-90b10000 ---p 00000000 00:00 0 
90b10000-90ba9000 rw-p 00000000 00:00 0 
90ba9000-90baa000 ---p 00000000 00:00 0 
90baa000-90c2a000 rw-p 00000000 00:00 0 
90c2a000-90c2b000 ---p 00000000 00:00 0 
90c2b000-90cc3000 rw-p 00000000 00:00 0 
90cc3000-90ccb000 rw-p 00000000 00:00 0 
90ccb000-90ce1000 rw-p 00000000 00:00 0 
90ce1000-90d73000 rw-p 00000000 00:00 0 
90d73000-90d8b000 rw-p 00000000 00:00 0 
90d8b000-90d93000 rw-p 00000000 00:00 0 
90d93000-90da9000 rw-p 00000000 00:00 0 
90da9000-90e3b000 rw-p 00000000 00:00 0 
90e3b000-90e8f000 rw-p 00000000 00:00 0 
90e8f000-93d30000 rw-p 00000000 00:00 0 
93d30000-94e90000 rw-p 00000000 00:00 0 
94e90000-979f0000 rw-p 00000000 00:00 0 
979f0000-a9e90000 rw-p 00000000 00:00 0 
a9e90000-b4690000 rw-p 00000000 00:00 0 
b4690000-b4691000 r--p 00000000 00:00 0 
b4691000-b469d000 r--s 00081000 08:07 638220     /home/vincent/eclipse/plugins/org.eclipse.m2e.maven.runtime_1.0.200.20111228-1245/jars/maven-core-3.0.2.jar
b469d000-b46af000 rw-p 00000000 00:00 0 
b46af000-b475d000 rw-p 00000000 00:00 0 
b475d000-b4bd5000 rwxp 00000000 00:00 0 
b4bd5000-b775d000 rw-p 00000000 00:00 0 
b775d000-b7765000 rw-s 00000000 08:06 565453     /tmp/hsperfdata_vincent/23969
b7765000-b7768000 ---p 00000000 00:00 0 
b7768000-b77b8000 rw-p 00000000 00:00 0 
b77b8000-b77b9000 r--s 00008000 08:07 638225     /home/vincent/eclipse/plugins/org.eclipse.m2e.maven.runtime_1.0.200.20111228-1245/jars/maven-repository-metadata-3.0.2.jar
b77b9000-b77ba000 r--s 00004000 08:07 638229     /home/vincent/eclipse/plugins/org.eclipse.m2e.maven.runtime_1.0.200.20111228-1245/jars/plexus-cipher-1.4.jar
b77ba000-b77bc000 r--s 00007000 08:07 638233     /home/vincent/eclipse/plugins/org.eclipse.m2e.maven.runtime_1.0.200.20111228-1245/jars/plexus-sec-dispatcher-1.3.jar
b77bc000-b77c1000 r--s 00023000 08:07 638223     /home/vincent/eclipse/plugins/org.eclipse.m2e.maven.runtime_1.0.200.20111228-1245/jars/maven-model-builder-3.0.2.jar
b77c1000-b77c3000 r--s 0000c000 08:07 638224     /home/vincent/eclipse/plugins/org.eclipse.m2e.maven.runtime_1.0.200.20111228-1245/jars/maven-plugin-api-3.0.2.jar
b77c3000-b77c4000 r--s 0000c000 08:07 638226     /home/vincent/eclipse/plugins/org.eclipse.m2e.maven.runtime_1.0.200.20111228-1245/jars/maven-settings-3.0.2.jar
b77c4000-b77c5000 r--s 0000b000 08:07 638221     /home/vincent/eclipse/plugins/org.eclipse.m2e.maven.runtime_1.0.200.20111228-1245/jars/maven-embedder-3.0.2.jar
b77c5000-b77c7000 r--s 00009000 08:07 638239     /home/vincent/eclipse/plugins/org.eclipse.m2e.maven.runtime_1.0.200.20111228-1245/local-patches.jar
b77c7000-b77cb000 r--s 0007b000 08:07 157600     /home/vincent/jre1.7.0_02/lib/jsse.jar
b77cb000-b77ce000 r--s 0000b000 08:07 638230     /home/vincent/eclipse/plugins/org.eclipse.m2e.maven.runtime_1.0.200.20111228-1245/jars/plexus-classworlds-2.4.jar
b77ce000-b77cf000 r--p 002a7000 08:06 203739     /usr/lib/locale/locale-archive
b77cf000-b77d0000 rw-p 00000000 00:00 0 
b77d0000-b77d1000 r--p 00000000 00:00 0 
b77d1000-b77d3000 rw-p 00000000 00:00 0 
bfea0000-bfec1000 rw-p 00000000 00:00 0          [stack]

VM Arguments:
jvm_args: -Dmaven.home=EMBEDDED -Dclassworlds.conf=/home/vincent/workspace/.metadata/.plugins/org.eclipse.m2e.core/launches/m2conf5632121149780543937.tmp -Dfile.encoding=UTF-8 
java_command: org.codehaus.plexus.classworlds.launcher.Launcher -B jetty:run-war
Launcher Type: SUN_STANDARD

Environment Variables:
PATH=/usr/local/sbin:/usr/local/bin:/usr/sbin:/usr/bin:/sbin:/bin:/usr/games
USERNAME=vincent
LD_LIBRARY_PATH=/home/vincent/jre1.7.0_02/lib/i386/server:/home/vincent/jre1.7.0_02/lib/i386:/home/vincent/jre1.7.0_02/../lib/i386:/opt/java/32/jre1.6.0_22/lib/i386/client:/opt/java/32/jre1.6.0_22/lib/i386:
SHELL=/bin/zsh
DISPLAY=:0

Signal Handlers:
SIGSEGV: [libjvm.so+0x6e2860], sa_mask[0]=0x7ffbfeff, sa_flags=0x10000004
SIGBUS: [libjvm.so+0x6e2860], sa_mask[0]=0x7ffbfeff, sa_flags=0x10000004
SIGFPE: [libjvm.so+0x5a3810], sa_mask[0]=0x7ffbfeff, sa_flags=0x10000004
SIGPIPE: [libjvm.so+0x5a3810], sa_mask[0]=0x7ffbfeff, sa_flags=0x10000004
SIGXFSZ: [libjvm.so+0x5a3810], sa_mask[0]=0x7ffbfeff, sa_flags=0x10000004
SIGILL: [libjvm.so+0x5a3810], sa_mask[0]=0x7ffbfeff, sa_flags=0x10000004
SIGUSR1: SIG_DFL, sa_mask[0]=0x00000000, sa_flags=0x00000000
SIGUSR2: [libjvm.so+0x5a3110], sa_mask[0]=0x00000004, sa_flags=0x10000004
SIGHUP: [libjvm.so+0x5a56e0], sa_mask[0]=0x7ffbfeff, sa_flags=0x10000004
SIGINT: [libjvm.so+0x5a56e0], sa_mask[0]=0x7ffbfeff, sa_flags=0x10000004
SIGTERM: [libjvm.so+0x5a56e0], sa_mask[0]=0x7ffbfeff, sa_flags=0x10000004
SIGQUIT: [libjvm.so+0x5a56e0], sa_mask[0]=0x7ffbfeff, sa_flags=0x10000004


---------------  S Y S T E M  ---------------

OS:squeeze/sid

uname:Linux 2.6.38-13-generic #56-Ubuntu SMP Tue Feb 14 12:40:40 UTC 2012 i686
libc:glibc 2.13 NPTL 2.13 
rlimit: STACK 8192k, CORE 0k, NPROC infinity, NOFILE 4096, AS infinity
load average:2,07 0,68 0,41

/proc/meminfo:
MemTotal:        2059248 kB
MemFree:          125040 kB
Buffers:            7156 kB
Cached:           248652 kB
SwapCached:         1176 kB
Active:          1098904 kB
Inactive:         739904 kB
Active(anon):     986680 kB
Inactive(anon):   605704 kB
Active(file):     112224 kB
Inactive(file):   134200 kB
Unevictable:          16 kB
Mlocked:              16 kB
HighTotal:       1186632 kB
HighFree:           1668 kB
LowTotal:         872616 kB
LowFree:          123372 kB
SwapTotal:       2353904 kB
SwapFree:        2303172 kB
Dirty:              3324 kB
Writeback:             0 kB
AnonPages:       1581984 kB
Mapped:            78288 kB
Shmem:              9236 kB
Slab:              35104 kB
SReclaimable:      22096 kB
SUnreclaim:        13008 kB
KernelStack:        3632 kB
PageTables:        10884 kB
NFS_Unstable:          0 kB
Bounce:                0 kB
WritebackTmp:          0 kB
CommitLimit:     3383528 kB
Committed_AS:    3484076 kB
VmallocTotal:     122880 kB
VmallocUsed:       63400 kB
VmallocChunk:      25596 kB
HardwareCorrupted:     0 kB
HugePages_Total:       0
HugePages_Free:        0
HugePages_Rsvd:        0
HugePages_Surp:        0
Hugepagesize:       4096 kB
DirectMap4k:      155640 kB
DirectMap4M:      753664 kB


CPU:total 2 (2 cores per cpu, 1 threads per core) family 6 model 15 stepping 13, cmov, cx8, fxsr, mmx, sse, sse2, sse3, ssse3

/proc/cpuinfo:
processor	: 0
vendor_id	: GenuineIntel
cpu family	: 6
model		: 15
model name	: Intel(R) Core(TM)2 Duo CPU     T5450  @ 1.66GHz
stepping	: 13
cpu MHz		: 1667.000
cache size	: 2048 KB
physical id	: 0
siblings	: 2
core id		: 0
cpu cores	: 2
apicid		: 0
initial apicid	: 0
fdiv_bug	: no
hlt_bug		: no
f00f_bug	: no
coma_bug	: no
fpu		: yes
fpu_exception	: yes
cpuid level	: 10
wp		: yes
flags		: fpu vme de pse tsc msr pae mce cx8 apic mtrr pge mca cmov pat pse36 clflush dts acpi mmx fxsr sse sse2 ss ht tm pbe nx lm constant_tsc arch_perfmon pebs bts aperfmperf pni dtes64 monitor ds_cpl est tm2 ssse3 cx16 xtpr pdcm lahf_lm dts
bogomips	: 3325.49
clflush size	: 64
cache_alignment	: 64
address sizes	: 36 bits physical, 48 bits virtual
power management:

processor	: 1
vendor_id	: GenuineIntel
cpu family	: 6
model		: 15
model name	: Intel(R) Core(TM)2 Duo CPU     T5450  @ 1.66GHz
stepping	: 13
cpu MHz		: 1000.000
cache size	: 2048 KB
physical id	: 0
siblings	: 2
core id		: 1
cpu cores	: 2
apicid		: 1
initial apicid	: 1
fdiv_bug	: no
hlt_bug		: no
f00f_bug	: no
coma_bug	: no
fpu		: yes
fpu_exception	: yes
cpuid level	: 10
wp		: yes
flags		: fpu vme de pse tsc msr pae mce cx8 apic mtrr pge mca cmov pat pse36 clflush dts acpi mmx fxsr sse sse2 ss ht tm pbe nx lm constant_tsc arch_perfmon pebs bts aperfmperf pni dtes64 monitor ds_cpl est tm2 ssse3 cx16 xtpr pdcm lahf_lm dts
bogomips	: 3325.49
clflush size	: 64
cache_alignment	: 64
address sizes	: 36 bits physical, 48 bits virtual
power management:



Memory: 4k page, physical 2059248k(124916k free), swap 2353904k(2303172k free)

vm_info: Java HotSpot(TM) Server VM (22.0-b10) for linux-x86 JRE (1.7.0_02-b13), built on Nov 17 2011 13:24:17 by "java_re" with gcc 4.3.0 20080428 (Red Hat 4.3.0-8)

time: Sun Mar 11 18:13:30 2012
elapsed time: 1265 seconds

